2026-07-09 16:59:25.670 [main] INFO  c.e.s.StudentArchivesApplicationTests - Starting StudentArchivesApplicationTests using Java 21.0.11 with PID 23288 (started by 21117 in E:\StudentArchives)
2026-07-09 16:59:25.678 [main] INFO  c.e.s.StudentArchivesApplicationTests - No active profile set, falling back to 1 default profile: "default"
2026-07-09 16:59:30.484 [main] INFO  c.e.s.StudentArchivesApplicationTests - Started StudentArchivesApplicationTests in 5.118 seconds (process running for 6.081)
2026-07-09 16:59:54.750 [main] INFO  c.e.s.StudentArchivesApplicationTests - Starting StudentArchivesApplicationTests using Java 21.0.11 with PID 32728 (started by 21117 in E:\StudentArchives)
2026-07-09 16:59:54.750 [main] INFO  c.e.s.StudentArchivesApplicationTests - No active profile set, falling back to 1 default profile: "default"
2026-07-09 16:59:59.716 [main] INFO  c.e.s.StudentArchivesApplicationTests - Started StudentArchivesApplicationTests in 5.299 seconds (process running for 6.12)
2026-07-09 17:14:43.686 [main] INFO  c.e.s.StudentArchivesApplicationTests - Starting StudentArchivesApplicationTests using Java 21.0.11 with PID 37664 (started by 21117 in E:\StudentArchives)
2026-07-09 17:14:43.687 [main] INFO  c.e.s.StudentArchivesApplicationTests - No active profile set, falling back to 1 default profile: "default"
2026-07-09 17:14:48.890 [main] INFO  c.e.s.StudentArchivesApplicationTests - Started StudentArchivesApplicationTests in 5.501 seconds (process running for 6.18)
2026-07-09 18:33:11.908 [main] INFO  c.e.s.StudentArchivesApplicationTests - Starting StudentArchivesApplicationTests using Java 21.0.11 with PID 39532 (started by 21117 in E:\StudentArchives)
2026-07-09 18:33:11.908 [main] INFO  c.e.s.StudentArchivesApplicationTests - No active profile set, falling back to 1 default profile: "default"
2026-07-10 12:05:29.155 [restartedMain] INFO  c.e.s.StudentArchivesApplication - Starting StudentArchivesApplication using Java 21.0.11 with PID 31716 (E:\StudentArchives\target\classes started by 21117 in E:\StudentArchives)
2026-07-10 12:05:29.156 [restartedMain] INFO  c.e.s.StudentArchivesApplication - No active profile set, falling back to 1 default profile: "default"
2026-07-10 12:12:39.235 [restartedMain] INFO  c.e.s.StudentArchivesApplication - Starting StudentArchivesApplication using Java 21.0.11 with PID 30764 (E:\StudentArchives\target\classes started by 21117 in E:\StudentArchives)
2026-07-10 12:12:39.235 [restartedMain] DEBUG c.e.s.StudentArchivesApplication - Running with Spring Boot v3.3.0, Spring v6.1.8
2026-07-10 12:12:39.236 [restartedMain] INFO  c.e.s.StudentArchivesApplication - The following 1 profile is active: "dev"
2026-07-10 12:12:40.392 [restartedMain] DEBUG c.e.s.c.s.JwtAuthenticationFilter - Filter 'jwtAuthenticationFilter' configured for use
2026-07-10 12:12:43.886 [restartedMain] INFO  c.e.s.StudentArchivesApplication - Started StudentArchivesApplication in 4.981 seconds (process running for 5.302)
2026-07-10 12:13:12.784 [http-nio-8080-exec-1] WARN  c.e.s.e.GlobalExceptionHandler - 业务异常: code=10001, message=请输入验证码
2026-07-10 12:13:43.159 [captcha-cleaner] DEBUG c.e.s.s.impl.user.CaptchaServiceImpl - 验证码已清理，当前存储数: 0
2026-07-10 12:14:22.834 [http-nio-8080-exec-2] WARN  c.e.s.e.GlobalExceptionHandler - 请求体格式错误: JSON parse error: Unexpected character ('"' (code 34)): was expecting comma to separate Object entries
2026-07-10 12:14:36.908 [http-nio-8080-exec-4] WARN  c.e.s.e.GlobalExceptionHandler - 请求体格式错误: JSON parse error: Unexpected character ('"' (code 34)): was expecting comma to separate Object entries
2026-07-10 12:14:43.159 [captcha-cleaner] DEBUG c.e.s.s.impl.user.CaptchaServiceImpl - 验证码已清理，当前存储数: 0
2026-07-10 12:15:03.445 [http-nio-8080-exec-5] DEBUG c.e.s.s.impl.user.CaptchaServiceImpl - 验证码已生成: key=e0eec758-816e-44e5-8514-9922fb4379af, code=A8MC
2026-07-10 12:15:43.155 [captcha-cleaner] DEBUG c.e.s.s.impl.user.CaptchaServiceImpl - 验证码已清理，当前存储数: 1
2026-07-10 12:16:43.167 [captcha-cleaner] DEBUG c.e.s.s.impl.user.CaptchaServiceImpl - 验证码已清理，当前存储数: 1
2026-07-10 12:17:43.154 [captcha-cleaner] DEBUG c.e.s.s.impl.user.CaptchaServiceImpl - 验证码已清理，当前存储数: 1
2026-07-10 12:18:43.154 [captcha-cleaner] DEBUG c.e.s.s.impl.user.CaptchaServiceImpl - 验证码已清理，当前存储数: 1
2026-07-10 12:19:39.235 [restartedMain] INFO  c.e.s.StudentArchivesApplication - Starting StudentArchivesApplication using Java 21.0.11 with PID 30764 (E:\StudentArchives\target\classes started by 21117 in E:\StudentArchives)
2026-07-10 12:19:39.235 [restartedMain] DEBUG c.e.s.StudentArchivesApplication - Running with Spring Boot v3.3.0, Spring v6.1.8
2026-07-10 12:19:39.235 [restartedMain] INFO  c.e.s.StudentArchivesApplication - The following 1 profile is active: "dev"
2026-07-10 12:19:39.548 [restartedMain] DEBUG c.e.s.c.s.JwtAuthenticationFilter - Filter 'jwtAuthenticationFilter' configured for use
2026-07-10 12:19:40.972 [restartedMain] INFO  c.e.s.StudentArchivesApplication - Started StudentArchivesApplication in 1.769 seconds (process running for 422.388)
2026-07-10 12:19:41.178 [http-nio-8080-exec-3] DEBUG c.e.s.s.impl.user.CaptchaServiceImpl - 验证码已生成: key=99581823-8679-4dc0-ad5a-13c364c2d8c3, code=DPYC
2026-07-10 12:19:43.170 [captcha-cleaner] DEBUG c.e.s.s.impl.user.CaptchaServiceImpl - 验证码已清理，当前存储数: 1
2026-07-10 12:19:43.510 [restartedMain] INFO  c.e.s.StudentArchivesApplication - Starting StudentArchivesApplication using Java 21.0.11 with PID 30764 (E:\StudentArchives\target\classes started by 21117 in E:\StudentArchives)
2026-07-10 12:19:43.510 [restartedMain] DEBUG c.e.s.StudentArchivesApplication - Running with Spring Boot v3.3.0, Spring v6.1.8
2026-07-10 12:19:43.510 [restartedMain] INFO  c.e.s.StudentArchivesApplication - The following 1 profile is active: "dev"
2026-07-10 12:19:43.815 [restartedMain] DEBUG c.e.s.c.s.JwtAuthenticationFilter - Filter 'jwtAuthenticationFilter' configured for use
2026-07-10 12:19:45.465 [restartedMain] INFO  c.e.s.StudentArchivesApplication - Started StudentArchivesApplication in 1.981 seconds (process running for 426.881)
2026-07-10 12:19:51.097 [restartedMain] INFO  c.e.s.StudentArchivesApplication - Starting StudentArchivesApplication using Java 21.0.11 with PID 30764 (E:\StudentArchives\target\classes started by 21117 in E:\StudentArchives)
2026-07-10 12:19:51.098 [restartedMain] DEBUG c.e.s.StudentArchivesApplication - Running with Spring Boot v3.3.0, Spring v6.1.8
2026-07-10 12:19:51.098 [restartedMain] INFO  c.e.s.StudentArchivesApplication - The following 1 profile is active: "dev"
2026-07-10 12:19:52.044 [restartedMain] INFO  c.e.s.StudentArchivesApplication - Started StudentArchivesApplication in 0.998 seconds (process running for 433.46)
2026-07-10 12:19:54.018 [restartedMain] INFO  c.e.s.StudentArchivesApplication - Starting StudentArchivesApplication using Java 21.0.11 with PID 30764 (E:\StudentArchives\target\classes started by 21117 in E:\StudentArchives)
2026-07-10 12:19:54.018 [restartedMain] DEBUG c.e.s.StudentArchivesApplication - Running with Spring Boot v3.3.0, Spring v6.1.8
2026-07-10 12:19:54.018 [restartedMain] INFO  c.e.s.StudentArchivesApplication - The following 1 profile is active: "dev"
2026-07-10 12:19:54.676 [restartedMain] DEBUG c.e.s.c.s.JwtAuthenticationFilter - Filter 'jwtAuthenticationFilter' configured for use
2026-07-10 12:19:56.199 [restartedMain] INFO  c.e.s.StudentArchivesApplication - Started StudentArchivesApplication in 2.21 seconds (process running for 437.616)
2026-07-10 12:20:21.870 [http-nio-8080-exec-1] DEBUG c.e.s.s.impl.user.CaptchaServiceImpl - 验证码已生成: key=56480bf9-c23c-4a27-bb8d-809c8fb28a07, code=MAMF
2026-07-10 12:20:40.738 [captcha-cleaner] DEBUG c.e.s.s.impl.user.CaptchaServiceImpl - 验证码已清理，当前存储数: 1
2026-07-10 12:20:43.156 [captcha-cleaner] DEBUG c.e.s.s.impl.user.CaptchaServiceImpl - 验证码已清理，当前存储数: 0
2026-07-10 12:20:45.143 [captcha-cleaner] DEBUG c.e.s.s.impl.user.CaptchaServiceImpl - 验证码已清理，当前存储数: 0
2026-07-10 12:20:55.933 [captcha-cleaner] DEBUG c.e.s.s.impl.user.CaptchaServiceImpl - 验证码已清理，当前存储数: 1
2026-07-10 12:20:58.698 [http-nio-8080-exec-2] DEBUG c.e.s.s.impl.user.CaptchaServiceImpl - 验证码已生成: key=5218862f-41c0-4815-bd1d-17fd940b7246, code=ZPVQ
2026-07-10 12:21:09.111 [http-nio-8080-exec-3] WARN  c.e.s.e.GlobalExceptionHandler - 请求体格式错误: JSON parse error: Unexpected character ('"' (code 34)): was expecting comma to separate Object entries
2026-07-10 12:21:10.886 [http-nio-8080-exec-4] WARN  c.e.s.e.GlobalExceptionHandler - 请求体格式错误: JSON parse error: Unexpected character ('"' (code 34)): was expecting comma to separate Object entries
2026-07-10 12:21:28.816 [http-nio-8080-exec-5] WARN  c.e.s.e.GlobalExceptionHandler - 请求体格式错误: JSON parse error: Unexpected character ('"' (code 34)): was expecting comma to separate Object entries
2026-07-10 12:21:34.760 [http-nio-8080-exec-6] WARN  c.e.s.e.GlobalExceptionHandler - 请求体格式错误: JSON parse error: Unexpected character ('"' (code 34)): was expecting comma to separate Object entries
2026-07-10 12:21:40.749 [captcha-cleaner] DEBUG c.e.s.s.impl.user.CaptchaServiceImpl - 验证码已清理，当前存储数: 1
2026-07-10 12:21:43.168 [captcha-cleaner] DEBUG c.e.s.s.impl.user.CaptchaServiceImpl - 验证码已清理，当前存储数: 0
2026-07-10 12:21:45.151 [captcha-cleaner] DEBUG c.e.s.s.impl.user.CaptchaServiceImpl - 验证码已清理，当前存储数: 0
2026-07-10 12:21:55.934 [captcha-cleaner] DEBUG c.e.s.s.impl.user.CaptchaServiceImpl - 验证码已清理，当前存储数: 2
2026-07-10 12:22:09.842 [http-nio-8080-exec-7] WARN  c.e.s.e.GlobalExceptionHandler - 请求体格式错误: JSON parse error: Unexpected character ('"' (code 34)): was expecting comma to separate Object entries
2026-07-10 12:22:19.184 [http-nio-8080-exec-8] WARN  c.e.s.s.impl.user.UserServiceImpl - 登录失败：验证码错误 userNo=admin
2026-07-10 12:22:19.200 [http-nio-8080-exec-8] WARN  c.e.s.e.GlobalExceptionHandler - 业务异常: code=10001, message=验证码错误或已过期
2026-07-10 12:22:32.323 [http-nio-8080-exec-9] WARN  c.e.s.s.impl.user.UserServiceImpl - 登录失败：验证码错误 userNo=admin
2026-07-10 12:22:32.339 [http-nio-8080-exec-9] WARN  c.e.s.e.GlobalExceptionHandler - 业务异常: code=10001, message=验证码错误或已过期
2026-07-10 12:22:39.668 [http-nio-8080-exec-10] DEBUG c.e.s.s.impl.user.CaptchaServiceImpl - 验证码已生成: key=91f20571-c424-4d7c-8547-69558313915e, code=ESCE
2026-07-10 12:22:40.740 [captcha-cleaner] DEBUG c.e.s.s.impl.user.CaptchaServiceImpl - 验证码已清理，当前存储数: 1
2026-07-10 12:22:43.164 [captcha-cleaner] DEBUG c.e.s.s.impl.user.CaptchaServiceImpl - 验证码已清理，当前存储数: 0
2026-07-10 12:22:45.150 [captcha-cleaner] DEBUG c.e.s.s.impl.user.CaptchaServiceImpl - 验证码已清理，当前存储数: 0
2026-07-10 12:22:55.935 [captcha-cleaner] DEBUG c.e.s.s.impl.user.CaptchaServiceImpl - 验证码已清理，当前存储数: 2
2026-07-10 12:23:03.052 [http-nio-8080-exec-1] DEBUG c.e.s.s.impl.user.UserServiceImpl - 记住密码：已为用户 userId=1 生成 rememberToken
2026-07-10 12:23:03.106 [http-nio-8080-exec-1] INFO  c.e.s.s.impl.user.UserServiceImpl - 登录成功 userNo=admin, userId=1, rememberMe=true
2026-07-10 12:23:40.739 [captcha-cleaner] DEBUG c.e.s.s.impl.user.CaptchaServiceImpl - 验证码已清理，当前存储数: 1
2026-07-10 12:23:43.155 [captcha-cleaner] DEBUG c.e.s.s.impl.user.CaptchaServiceImpl - 验证码已清理，当前存储数: 0
2026-07-10 12:23:45.148 [captcha-cleaner] DEBUG c.e.s.s.impl.user.CaptchaServiceImpl - 验证码已清理，当前存储数: 0
2026-07-10 12:23:55.933 [captcha-cleaner] DEBUG c.e.s.s.impl.user.CaptchaServiceImpl - 验证码已清理，当前存储数: 1
2026-07-10 12:24:40.740 [captcha-cleaner] DEBUG c.e.s.s.impl.user.CaptchaServiceImpl - 验证码已清理，当前存储数: 1
2026-07-10 12:24:43.169 [captcha-cleaner] DEBUG c.e.s.s.impl.user.CaptchaServiceImpl - 验证码已清理，当前存储数: 0
2026-07-10 12:24:45.143 [captcha-cleaner] DEBUG c.e.s.s.impl.user.CaptchaServiceImpl - 验证码已清理，当前存储数: 0
2026-07-10 12:24:55.928 [captcha-cleaner] DEBUG c.e.s.s.impl.user.CaptchaServiceImpl - 验证码已清理，当前存储数: 1
2026-07-10 12:25:40.741 [captcha-cleaner] DEBUG c.e.s.s.impl.user.CaptchaServiceImpl - 验证码已清理，当前存储数: 0
2026-07-10 12:25:43.168 [captcha-cleaner] DEBUG c.e.s.s.impl.user.CaptchaServiceImpl - 验证码已清理，当前存储数: 0
2026-07-10 12:25:45.141 [captcha-cleaner] DEBUG c.e.s.s.impl.user.CaptchaServiceImpl - 验证码已清理，当前存储数: 0
2026-07-10 12:25:55.938 [captcha-cleaner] DEBUG c.e.s.s.impl.user.CaptchaServiceImpl - 验证码已清理，当前存储数: 0
2026-07-10 12:26:40.743 [captcha-cleaner] DEBUG c.e.s.s.impl.user.CaptchaServiceImpl - 验证码已清理，当前存储数: 0
2026-07-10 12:26:43.154 [captcha-cleaner] DEBUG c.e.s.s.impl.user.CaptchaServiceImpl - 验证码已清理，当前存储数: 0
2026-07-10 12:26:45.155 [captcha-cleaner] DEBUG c.e.s.s.impl.user.CaptchaServiceImpl - 验证码已清理，当前存储数: 0
2026-07-10 12:26:55.929 [captcha-cleaner] DEBUG c.e.s.s.impl.user.CaptchaServiceImpl - 验证码已清理，当前存储数: 0
2026-07-10 12:27:40.741 [captcha-cleaner] DEBUG c.e.s.s.impl.user.CaptchaServiceImpl - 验证码已清理，当前存储数: 0
2026-07-10 12:27:43.157 [captcha-cleaner] DEBUG c.e.s.s.impl.user.CaptchaServiceImpl - 验证码已清理，当前存储数: 0
2026-07-10 12:27:45.152 [captcha-cleaner] DEBUG c.e.s.s.impl.user.CaptchaServiceImpl - 验证码已清理，当前存储数: 0
2026-07-10 12:27:55.927 [captcha-cleaner] DEBUG c.e.s.s.impl.user.CaptchaServiceImpl - 验证码已清理，当前存储数: 0
2026-07-10 12:28:40.743 [captcha-cleaner] DEBUG c.e.s.s.impl.user.CaptchaServiceImpl - 验证码已清理，当前存储数: 0
2026-07-10 12:28:43.160 [captcha-cleaner] DEBUG c.e.s.s.impl.user.CaptchaServiceImpl - 验证码已清理，当前存储数: 0
2026-07-10 12:28:45.148 [captcha-cleaner] DEBUG c.e.s.s.impl.user.CaptchaServiceImpl - 验证码已清理，当前存储数: 0
2026-07-10 12:28:55.930 [captcha-cleaner] DEBUG c.e.s.s.impl.user.CaptchaServiceImpl - 验证码已清理，当前存储数: 0
2026-07-10 12:29:40.743 [captcha-cleaner] DEBUG c.e.s.s.impl.user.CaptchaServiceImpl - 验证码已清理，当前存储数: 0
2026-07-10 12:29:43.161 [captcha-cleaner] DEBUG c.e.s.s.impl.user.CaptchaServiceImpl - 验证码已清理，当前存储数: 0
2026-07-10 12:29:45.152 [captcha-cleaner] DEBUG c.e.s.s.impl.user.CaptchaServiceImpl - 验证码已清理，当前存储数: 0
2026-07-10 12:29:55.929 [captcha-cleaner] DEBUG c.e.s.s.impl.user.CaptchaServiceImpl - 验证码已清理，当前存储数: 0
2026-07-10 12:30:40.738 [captcha-cleaner] DEBUG c.e.s.s.impl.user.CaptchaServiceImpl - 验证码已清理，当前存储数: 0
2026-07-10 12:30:43.169 [captcha-cleaner] DEBUG c.e.s.s.impl.user.CaptchaServiceImpl - 验证码已清理，当前存储数: 0
2026-07-10 12:30:45.141 [captcha-cleaner] DEBUG c.e.s.s.impl.user.CaptchaServiceImpl - 验证码已清理，当前存储数: 0
2026-07-10 12:30:55.930 [captcha-cleaner] DEBUG c.e.s.s.impl.user.CaptchaServiceImpl - 验证码已清理，当前存储数: 0
2026-07-10 12:31:40.754 [captcha-cleaner] DEBUG c.e.s.s.impl.user.CaptchaServiceImpl - 验证码已清理，当前存储数: 0
2026-07-10 12:31:43.163 [captcha-cleaner] DEBUG c.e.s.s.impl.user.CaptchaServiceImpl - 验证码已清理，当前存储数: 0
2026-07-10 12:31:45.145 [captcha-cleaner] DEBUG c.e.s.s.impl.user.CaptchaServiceImpl - 验证码已清理，当前存储数: 0
2026-07-10 12:31:55.933 [captcha-cleaner] DEBUG c.e.s.s.impl.user.CaptchaServiceImpl - 验证码已清理，当前存储数: 0
2026-07-10 12:32:40.744 [captcha-cleaner] DEBUG c.e.s.s.impl.user.CaptchaServiceImpl - 验证码已清理，当前存储数: 0
2026-07-10 12:32:43.156 [captcha-cleaner] DEBUG c.e.s.s.impl.user.CaptchaServiceImpl - 验证码已清理，当前存储数: 0
2026-07-10 12:32:45.150 [captcha-cleaner] DEBUG c.e.s.s.impl.user.CaptchaServiceImpl - 验证码已清理，当前存储数: 0
2026-07-10 12:32:55.930 [captcha-cleaner] DEBUG c.e.s.s.impl.user.CaptchaServiceImpl - 验证码已清理，当前存储数: 0
2026-07-10 12:33:40.750 [captcha-cleaner] DEBUG c.e.s.s.impl.user.CaptchaServiceImpl - 验证码已清理，当前存储数: 0
2026-07-10 12:33:43.168 [captcha-cleaner] DEBUG c.e.s.s.impl.user.CaptchaServiceImpl - 验证码已清理，当前存储数: 0
2026-07-10 12:33:45.147 [captcha-cleaner] DEBUG c.e.s.s.impl.user.CaptchaServiceImpl - 验证码已清理，当前存储数: 0
2026-07-10 12:33:55.931 [captcha-cleaner] DEBUG c.e.s.s.impl.user.CaptchaServiceImpl - 验证码已清理，当前存储数: 0
2026-07-10 12:34:40.750 [captcha-cleaner] DEBUG c.e.s.s.impl.user.CaptchaServiceImpl - 验证码已清理，当前存储数: 0
2026-07-10 12:34:43.169 [captcha-cleaner] DEBUG c.e.s.s.impl.user.CaptchaServiceImpl - 验证码已清理，当前存储数: 0
2026-07-10 12:34:45.151 [captcha-cleaner] DEBUG c.e.s.s.impl.user.CaptchaServiceImpl - 验证码已清理，当前存储数: 0
2026-07-10 12:34:55.926 [captcha-cleaner] DEBUG c.e.s.s.impl.user.CaptchaServiceImpl - 验证码已清理，当前存储数: 0
2026-07-10 12:35:40.741 [captcha-cleaner] DEBUG c.e.s.s.impl.user.CaptchaServiceImpl - 验证码已清理，当前存储数: 0
2026-07-10 12:35:43.158 [captcha-cleaner] DEBUG c.e.s.s.impl.user.CaptchaServiceImpl - 验证码已清理，当前存储数: 0
2026-07-10 12:35:45.150 [captcha-cleaner] DEBUG c.e.s.s.impl.user.CaptchaServiceImpl - 验证码已清理，当前存储数: 0
2026-07-10 12:35:55.928 [captcha-cleaner] DEBUG c.e.s.s.impl.user.CaptchaServiceImpl - 验证码已清理，当前存储数: 0
2026-07-10 12:36:40.746 [captcha-cleaner] DEBUG c.e.s.s.impl.user.CaptchaServiceImpl - 验证码已清理，当前存储数: 0
2026-07-10 12:36:43.162 [captcha-cleaner] DEBUG c.e.s.s.impl.user.CaptchaServiceImpl - 验证码已清理，当前存储数: 0
2026-07-10 12:36:45.147 [captcha-cleaner] DEBUG c.e.s.s.impl.user.CaptchaServiceImpl - 验证码已清理，当前存储数: 0
2026-07-10 12:36:55.927 [captcha-cleaner] DEBUG c.e.s.s.impl.user.CaptchaServiceImpl - 验证码已清理，当前存储数: 0
2026-07-10 12:37:40.751 [captcha-cleaner] DEBUG c.e.s.s.impl.user.CaptchaServiceImpl - 验证码已清理，当前存储数: 0
2026-07-10 12:37:43.165 [captcha-cleaner] DEBUG c.e.s.s.impl.user.CaptchaServiceImpl - 验证码已清理，当前存储数: 0
2026-07-10 12:37:45.149 [captcha-cleaner] DEBUG c.e.s.s.impl.user.CaptchaServiceImpl - 验证码已清理，当前存储数: 0
2026-07-10 12:37:55.941 [captcha-cleaner] DEBUG c.e.s.s.impl.user.CaptchaServiceImpl - 验证码已清理，当前存储数: 0
2026-07-10 12:38:40.744 [captcha-cleaner] DEBUG c.e.s.s.impl.user.CaptchaServiceImpl - 验证码已清理，当前存储数: 0
2026-07-10 12:38:43.165 [captcha-cleaner] DEBUG c.e.s.s.impl.user.CaptchaServiceImpl - 验证码已清理，当前存储数: 0
2026-07-10 12:38:45.155 [captcha-cleaner] DEBUG c.e.s.s.impl.user.CaptchaServiceImpl - 验证码已清理，当前存储数: 0
2026-07-10 12:38:55.935 [captcha-cleaner] DEBUG c.e.s.s.impl.user.CaptchaServiceImpl - 验证码已清理，当前存储数: 0
2026-07-10 12:39:40.745 [captcha-cleaner] DEBUG c.e.s.s.impl.user.CaptchaServiceImpl - 验证码已清理，当前存储数: 0
2026-07-10 12:39:43.160 [captcha-cleaner] DEBUG c.e.s.s.impl.user.CaptchaServiceImpl - 验证码已清理，当前存储数: 0
2026-07-10 12:39:45.145 [captcha-cleaner] DEBUG c.e.s.s.impl.user.CaptchaServiceImpl - 验证码已清理，当前存储数: 0
2026-07-10 12:39:55.928 [captcha-cleaner] DEBUG c.e.s.s.impl.user.CaptchaServiceImpl - 验证码已清理，当前存储数: 0
2026-07-10 12:40:40.749 [captcha-cleaner] DEBUG c.e.s.s.impl.user.CaptchaServiceImpl - 验证码已清理，当前存储数: 0
2026-07-10 12:40:43.166 [captcha-cleaner] DEBUG c.e.s.s.impl.user.CaptchaServiceImpl - 验证码已清理，当前存储数: 0
2026-07-10 12:40:45.151 [captcha-cleaner] DEBUG c.e.s.s.impl.user.CaptchaServiceImpl - 验证码已清理，当前存储数: 0
2026-07-10 12:40:55.931 [captcha-cleaner] DEBUG c.e.s.s.impl.user.CaptchaServiceImpl - 验证码已清理，当前存储数: 0
2026-07-10 12:41:40.746 [captcha-cleaner] DEBUG c.e.s.s.impl.user.CaptchaServiceImpl - 验证码已清理，当前存储数: 0
2026-07-10 12:41:43.168 [captcha-cleaner] DEBUG c.e.s.s.impl.user.CaptchaServiceImpl - 验证码已清理，当前存储数: 0
2026-07-10 12:41:45.149 [captcha-cleaner] DEBUG c.e.s.s.impl.user.CaptchaServiceImpl - 验证码已清理，当前存储数: 0
2026-07-10 12:41:55.929 [captcha-cleaner] DEBUG c.e.s.s.impl.user.CaptchaServiceImpl - 验证码已清理，当前存储数: 0
2026-07-10 12:42:40.742 [captcha-cleaner] DEBUG c.e.s.s.impl.user.CaptchaServiceImpl - 验证码已清理，当前存储数: 0
2026-07-10 12:42:43.167 [captcha-cleaner] DEBUG c.e.s.s.impl.user.CaptchaServiceImpl - 验证码已清理，当前存储数: 0
2026-07-10 12:42:45.147 [captcha-cleaner] DEBUG c.e.s.s.impl.user.CaptchaServiceImpl - 验证码已清理，当前存储数: 0
2026-07-10 12:42:55.939 [captcha-cleaner] DEBUG c.e.s.s.impl.user.CaptchaServiceImpl - 验证码已清理，当前存储数: 0
2026-07-10 12:43:40.745 [captcha-cleaner] DEBUG c.e.s.s.impl.user.CaptchaServiceImpl - 验证码已清理，当前存储数: 0
2026-07-10 12:43:43.161 [captcha-cleaner] DEBUG c.e.s.s.impl.user.CaptchaServiceImpl - 验证码已清理，当前存储数: 0
2026-07-10 12:43:45.143 [captcha-cleaner] DEBUG c.e.s.s.impl.user.CaptchaServiceImpl - 验证码已清理，当前存储数: 0
2026-07-10 12:43:55.936 [captcha-cleaner] DEBUG c.e.s.s.impl.user.CaptchaServiceImpl - 验证码已清理，当前存储数: 0
2026-07-10 12:44:40.745 [captcha-cleaner] DEBUG c.e.s.s.impl.user.CaptchaServiceImpl - 验证码已清理，当前存储数: 0
2026-07-10 12:44:43.162 [captcha-cleaner] DEBUG c.e.s.s.impl.user.CaptchaServiceImpl - 验证码已清理，当前存储数: 0
2026-07-10 12:44:45.152 [captcha-cleaner] DEBUG c.e.s.s.impl.user.CaptchaServiceImpl - 验证码已清理，当前存储数: 0
2026-07-10 12:44:55.931 [captcha-cleaner] DEBUG c.e.s.s.impl.user.CaptchaServiceImpl - 验证码已清理，当前存储数: 0
2026-07-10 12:45:40.752 [captcha-cleaner] DEBUG c.e.s.s.impl.user.CaptchaServiceImpl - 验证码已清理，当前存储数: 0
2026-07-10 12:45:43.167 [captcha-cleaner] DEBUG c.e.s.s.impl.user.CaptchaServiceImpl - 验证码已清理，当前存储数: 0
2026-07-10 12:45:45.150 [captcha-cleaner] DEBUG c.e.s.s.impl.user.CaptchaServiceImpl - 验证码已清理，当前存储数: 0
2026-07-10 12:45:55.927 [captcha-cleaner] DEBUG c.e.s.s.impl.user.CaptchaServiceImpl - 验证码已清理，当前存储数: 0
2026-07-10 12:46:40.741 [captcha-cleaner] DEBUG c.e.s.s.impl.user.CaptchaServiceImpl - 验证码已清理，当前存储数: 0
2026-07-10 12:46:43.166 [captcha-cleaner] DEBUG c.e.s.s.impl.user.CaptchaServiceImpl - 验证码已清理，当前存储数: 0
2026-07-10 12:46:45.145 [captcha-cleaner] DEBUG c.e.s.s.impl.user.CaptchaServiceImpl - 验证码已清理，当前存储数: 0
2026-07-10 12:46:55.939 [captcha-cleaner] DEBUG c.e.s.s.impl.user.CaptchaServiceImpl - 验证码已清理，当前存储数: 0
2026-07-10 12:47:40.747 [captcha-cleaner] DEBUG c.e.s.s.impl.user.CaptchaServiceImpl - 验证码已清理，当前存储数: 0
2026-07-10 12:47:43.160 [captcha-cleaner] DEBUG c.e.s.s.impl.user.CaptchaServiceImpl - 验证码已清理，当前存储数: 0
2026-07-10 12:47:45.153 [captcha-cleaner] DEBUG c.e.s.s.impl.user.CaptchaServiceImpl - 验证码已清理，当前存储数: 0
2026-07-10 12:47:55.927 [captcha-cleaner] DEBUG c.e.s.s.impl.user.CaptchaServiceImpl - 验证码已清理，当前存储数: 0
2026-07-10 12:48:40.753 [captcha-cleaner] DEBUG c.e.s.s.impl.user.CaptchaServiceImpl - 验证码已清理，当前存储数: 0
2026-07-10 12:48:43.167 [captcha-cleaner] DEBUG c.e.s.s.impl.user.CaptchaServiceImpl - 验证码已清理，当前存储数: 0
2026-07-10 12:48:45.146 [captcha-cleaner] DEBUG c.e.s.s.impl.user.CaptchaServiceImpl - 验证码已清理，当前存储数: 0
2026-07-10 12:48:55.933 [captcha-cleaner] DEBUG c.e.s.s.impl.user.CaptchaServiceImpl - 验证码已清理，当前存储数: 0
2026-07-10 12:49:40.742 [captcha-cleaner] DEBUG c.e.s.s.impl.user.CaptchaServiceImpl - 验证码已清理，当前存储数: 0
2026-07-10 12:49:43.162 [captcha-cleaner] DEBUG c.e.s.s.impl.user.CaptchaServiceImpl - 验证码已清理，当前存储数: 0
2026-07-10 12:49:45.154 [captcha-cleaner] DEBUG c.e.s.s.impl.user.CaptchaServiceImpl - 验证码已清理，当前存储数: 0
2026-07-10 12:49:55.932 [captcha-cleaner] DEBUG c.e.s.s.impl.user.CaptchaServiceImpl - 验证码已清理，当前存储数: 0
2026-07-10 12:50:40.745 [captcha-cleaner] DEBUG c.e.s.s.impl.user.CaptchaServiceImpl - 验证码已清理，当前存储数: 0
2026-07-10 12:50:43.157 [captcha-cleaner] DEBUG c.e.s.s.impl.user.CaptchaServiceImpl - 验证码已清理，当前存储数: 0
2026-07-10 12:50:45.148 [captcha-cleaner] DEBUG c.e.s.s.impl.user.CaptchaServiceImpl - 验证码已清理，当前存储数: 0
2026-07-10 12:50:55.938 [captcha-cleaner] DEBUG c.e.s.s.impl.user.CaptchaServiceImpl - 验证码已清理，当前存储数: 0
2026-07-10 12:51:40.750 [captcha-cleaner] DEBUG c.e.s.s.impl.user.CaptchaServiceImpl - 验证码已清理，当前存储数: 0
2026-07-10 12:51:43.167 [captcha-cleaner] DEBUG c.e.s.s.impl.user.CaptchaServiceImpl - 验证码已清理，当前存储数: 0
2026-07-10 12:51:45.145 [captcha-cleaner] DEBUG c.e.s.s.impl.user.CaptchaServiceImpl - 验证码已清理，当前存储数: 0
2026-07-10 12:51:55.928 [captcha-cleaner] DEBUG c.e.s.s.impl.user.CaptchaServiceImpl - 验证码已清理，当前存储数: 0
2026-07-10 12:52:40.740 [captcha-cleaner] DEBUG c.e.s.s.impl.user.CaptchaServiceImpl - 验证码已清理，当前存储数: 0
2026-07-10 12:52:43.167 [captcha-cleaner] DEBUG c.e.s.s.impl.user.CaptchaServiceImpl - 验证码已清理，当前存储数: 0
2026-07-10 12:52:45.146 [captcha-cleaner] DEBUG c.e.s.s.impl.user.CaptchaServiceImpl - 验证码已清理，当前存储数: 0
2026-07-10 12:52:55.927 [captcha-cleaner] DEBUG c.e.s.s.impl.user.CaptchaServiceImpl - 验证码已清理，当前存储数: 0
2026-07-10 13:58:46.420 [captcha-cleaner] DEBUG c.e.s.s.impl.user.CaptchaServiceImpl - 验证码已清理，当前存储数: 0
2026-07-10 13:58:46.421 [captcha-cleaner] DEBUG c.e.s.s.impl.user.CaptchaServiceImpl - 验证码已清理，当前存储数: 0
2026-07-10 13:58:46.421 [captcha-cleaner] DEBUG c.e.s.s.impl.user.CaptchaServiceImpl - 验证码已清理，当前存储数: 0
2026-07-10 13:58:46.421 [captcha-cleaner] DEBUG c.e.s.s.impl.user.CaptchaServiceImpl - 验证码已清理，当前存储数: 0
2026-07-10 13:58:46.421 [captcha-cleaner] DEBUG c.e.s.s.impl.user.CaptchaServiceImpl - 验证码已清理，当前存储数: 0
2026-07-10 13:58:46.421 [captcha-cleaner] DEBUG c.e.s.s.impl.user.CaptchaServiceImpl - 验证码已清理，当前存储数: 0
2026-07-10 13:58:46.421 [captcha-cleaner] DEBUG c.e.s.s.impl.user.CaptchaServiceImpl - 验证码已清理，当前存储数: 0
2026-07-10 13:58:46.421 [captcha-cleaner] DEBUG c.e.s.s.impl.user.CaptchaServiceImpl - 验证码已清理，当前存储数: 0
2026-07-10 13:58:46.421 [captcha-cleaner] DEBUG c.e.s.s.impl.user.CaptchaServiceImpl - 验证码已清理，当前存储数: 0
2026-07-10 13:58:46.422 [captcha-cleaner] DEBUG c.e.s.s.impl.user.CaptchaServiceImpl - 验证码已清理，当前存储数: 0
2026-07-10 13:58:46.422 [captcha-cleaner] DEBUG c.e.s.s.impl.user.CaptchaServiceImpl - 验证码已清理，当前存储数: 0
2026-07-10 13:58:46.422 [captcha-cleaner] DEBUG c.e.s.s.impl.user.CaptchaServiceImpl - 验证码已清理，当前存储数: 0
2026-07-10 13:58:46.422 [captcha-cleaner] DEBUG c.e.s.s.impl.user.CaptchaServiceImpl - 验证码已清理，当前存储数: 0
2026-07-10 13:58:46.422 [captcha-cleaner] DEBUG c.e.s.s.impl.user.CaptchaServiceImpl - 验证码已清理，当前存储数: 0
2026-07-10 13:58:46.422 [captcha-cleaner] DEBUG c.e.s.s.impl.user.CaptchaServiceImpl - 验证码已清理，当前存储数: 0
2026-07-10 13:58:46.422 [captcha-cleaner] DEBUG c.e.s.s.impl.user.CaptchaServiceImpl - 验证码已清理，当前存储数: 0
2026-07-10 13:58:46.422 [captcha-cleaner] DEBUG c.e.s.s.impl.user.CaptchaServiceImpl - 验证码已清理，当前存储数: 0
2026-07-10 13:58:46.422 [captcha-cleaner] DEBUG c.e.s.s.impl.user.CaptchaServiceImpl - 验证码已清理，当前存储数: 0
2026-07-10 13:58:46.422 [captcha-cleaner] DEBUG c.e.s.s.impl.user.CaptchaServiceImpl - 验证码已清理，当前存储数: 0
2026-07-10 13:58:46.422 [captcha-cleaner] DEBUG c.e.s.s.impl.user.CaptchaServiceImpl - 验证码已清理，当前存储数: 0
2026-07-10 13:58:46.422 [captcha-cleaner] DEBUG c.e.s.s.impl.user.CaptchaServiceImpl - 验证码已清理，当前存储数: 0
2026-07-10 13:58:46.422 [captcha-cleaner] DEBUG c.e.s.s.impl.user.CaptchaServiceImpl - 验证码已清理，当前存储数: 0
2026-07-10 13:58:46.422 [captcha-cleaner] DEBUG c.e.s.s.impl.user.CaptchaServiceImpl - 验证码已清理，当前存储数: 0
2026-07-10 13:58:46.422 [captcha-cleaner] DEBUG c.e.s.s.impl.user.CaptchaServiceImpl - 验证码已清理，当前存储数: 0
2026-07-10 13:58:46.422 [captcha-cleaner] DEBUG c.e.s.s.impl.user.CaptchaServiceImpl - 验证码已清理，当前存储数: 0
2026-07-10 13:58:46.422 [captcha-cleaner] DEBUG c.e.s.s.impl.user.CaptchaServiceImpl - 验证码已清理，当前存储数: 0
2026-07-10 13:58:46.422 [captcha-cleaner] DEBUG c.e.s.s.impl.user.CaptchaServiceImpl - 验证码已清理，当前存储数: 0
2026-07-10 13:58:46.422 [captcha-cleaner] DEBUG c.e.s.s.impl.user.CaptchaServiceImpl - 验证码已清理，当前存储数: 0
2026-07-10 13:58:46.423 [captcha-cleaner] DEBUG c.e.s.s.impl.user.CaptchaServiceImpl - 验证码已清理，当前存储数: 0
2026-07-10 13:58:46.423 [captcha-cleaner] DEBUG c.e.s.s.impl.user.CaptchaServiceImpl - 验证码已清理，当前存储数: 0
2026-07-10 13:58:46.423 [captcha-cleaner] DEBUG c.e.s.s.impl.user.CaptchaServiceImpl - 验证码已清理，当前存储数: 0
2026-07-10 13:58:46.423 [captcha-cleaner] DEBUG c.e.s.s.impl.user.CaptchaServiceImpl - 验证码已清理，当前存储数: 0
2026-07-10 13:58:46.423 [captcha-cleaner] DEBUG c.e.s.s.impl.user.CaptchaServiceImpl - 验证码已清理，当前存储数: 0
2026-07-10 13:58:46.423 [captcha-cleaner] DEBUG c.e.s.s.impl.user.CaptchaServiceImpl - 验证码已清理，当前存储数: 0
2026-07-10 13:58:46.423 [captcha-cleaner] DEBUG c.e.s.s.impl.user.CaptchaServiceImpl - 验证码已清理，当前存储数: 0
2026-07-10 13:58:46.423 [captcha-cleaner] DEBUG c.e.s.s.impl.user.CaptchaServiceImpl - 验证码已清理，当前存储数: 0
2026-07-10 13:58:46.423 [captcha-cleaner] DEBUG c.e.s.s.impl.user.CaptchaServiceImpl - 验证码已清理，当前存储数: 0
2026-07-10 13:58:46.423 [captcha-cleaner] DEBUG c.e.s.s.impl.user.CaptchaServiceImpl - 验证码已清理，当前存储数: 0
2026-07-10 13:58:46.423 [captcha-cleaner] DEBUG c.e.s.s.impl.user.CaptchaServiceImpl - 验证码已清理，当前存储数: 0
2026-07-10 13:58:46.423 [captcha-cleaner] DEBUG c.e.s.s.impl.user.CaptchaServiceImpl - 验证码已清理，当前存储数: 0
2026-07-10 13:58:46.423 [captcha-cleaner] DEBUG c.e.s.s.impl.user.CaptchaServiceImpl - 验证码已清理，当前存储数: 0
2026-07-10 13:58:46.424 [captcha-cleaner] DEBUG c.e.s.s.impl.user.CaptchaServiceImpl - 验证码已清理，当前存储数: 0
2026-07-10 13:58:46.424 [captcha-cleaner] DEBUG c.e.s.s.impl.user.CaptchaServiceImpl - 验证码已清理，当前存储数: 0
2026-07-10 13:58:46.424 [captcha-cleaner] DEBUG c.e.s.s.impl.user.CaptchaServiceImpl - 验证码已清理，当前存储数: 0
2026-07-10 13:58:46.424 [captcha-cleaner] DEBUG c.e.s.s.impl.user.CaptchaServiceImpl - 验证码已清理，当前存储数: 0
2026-07-10 13:58:46.424 [captcha-cleaner] DEBUG c.e.s.s.impl.user.CaptchaServiceImpl - 验证码已清理，当前存储数: 0
2026-07-10 13:58:46.424 [captcha-cleaner] DEBUG c.e.s.s.impl.user.CaptchaServiceImpl - 验证码已清理，当前存储数: 0
2026-07-10 13:58:46.424 [captcha-cleaner] DEBUG c.e.s.s.impl.user.CaptchaServiceImpl - 验证码已清理，当前存储数: 0
2026-07-10 13:58:46.424 [captcha-cleaner] DEBUG c.e.s.s.impl.user.CaptchaServiceImpl - 验证码已清理，当前存储数: 0
2026-07-10 13:58:46.424 [captcha-cleaner] DEBUG c.e.s.s.impl.user.CaptchaServiceImpl - 验证码已清理，当前存储数: 0
2026-07-10 13:58:46.424 [captcha-cleaner] DEBUG c.e.s.s.impl.user.CaptchaServiceImpl - 验证码已清理，当前存储数: 0
2026-07-10 13:58:46.424 [captcha-cleaner] DEBUG c.e.s.s.impl.user.CaptchaServiceImpl - 验证码已清理，当前存储数: 0
2026-07-10 13:58:46.424 [captcha-cleaner] DEBUG c.e.s.s.impl.user.CaptchaServiceImpl - 验证码已清理，当前存储数: 0
2026-07-10 13:58:46.424 [captcha-cleaner] DEBUG c.e.s.s.impl.user.CaptchaServiceImpl - 验证码已清理，当前存储数: 0
2026-07-10 13:58:46.424 [captcha-cleaner] DEBUG c.e.s.s.impl.user.CaptchaServiceImpl - 验证码已清理，当前存储数: 0
2026-07-10 13:58:46.424 [captcha-cleaner] DEBUG c.e.s.s.impl.user.CaptchaServiceImpl - 验证码已清理，当前存储数: 0
2026-07-10 13:58:46.425 [captcha-cleaner] DEBUG c.e.s.s.impl.user.CaptchaServiceImpl - 验证码已清理，当前存储数: 0
2026-07-10 13:58:46.425 [captcha-cleaner] DEBUG c.e.s.s.impl.user.CaptchaServiceImpl - 验证码已清理，当前存储数: 0
2026-07-10 13:58:46.425 [captcha-cleaner] DEBUG c.e.s.s.impl.user.CaptchaServiceImpl - 验证码已清理，当前存储数: 0
2026-07-10 13:58:46.425 [captcha-cleaner] DEBUG c.e.s.s.impl.user.CaptchaServiceImpl - 验证码已清理，当前存储数: 0
2026-07-10 13:58:46.425 [captcha-cleaner] DEBUG c.e.s.s.impl.user.CaptchaServiceImpl - 验证码已清理，当前存储数: 0
2026-07-10 13:58:46.425 [captcha-cleaner] DEBUG c.e.s.s.impl.user.CaptchaServiceImpl - 验证码已清理，当前存储数: 0
2026-07-10 13:58:46.425 [captcha-cleaner] DEBUG c.e.s.s.impl.user.CaptchaServiceImpl - 验证码已清理，当前存储数: 0
2026-07-10 13:58:46.425 [captcha-cleaner] DEBUG c.e.s.s.impl.user.CaptchaServiceImpl - 验证码已清理，当前存储数: 0
2026-07-10 13:58:46.425 [captcha-cleaner] DEBUG c.e.s.s.impl.user.CaptchaServiceImpl - 验证码已清理，当前存储数: 0
2026-07-10 13:58:46.425 [captcha-cleaner] DEBUG c.e.s.s.impl.user.CaptchaServiceImpl - 验证码已清理，当前存储数: 0
2026-07-10 13:58:48.841 [captcha-cleaner] DEBUG c.e.s.s.impl.user.CaptchaServiceImpl - 验证码已清理，当前存储数: 0
2026-07-10 13:58:48.841 [captcha-cleaner] DEBUG c.e.s.s.impl.user.CaptchaServiceImpl - 验证码已清理，当前存储数: 0
2026-07-10 13:58:48.841 [captcha-cleaner] DEBUG c.e.s.s.impl.user.CaptchaServiceImpl - 验证码已清理，当前存储数: 0
2026-07-10 13:58:48.841 [captcha-cleaner] DEBUG c.e.s.s.impl.user.CaptchaServiceImpl - 验证码已清理，当前存储数: 0
2026-07-10 13:58:48.841 [captcha-cleaner] DEBUG c.e.s.s.impl.user.CaptchaServiceImpl - 验证码已清理，当前存储数: 0
2026-07-10 13:58:48.841 [captcha-cleaner] DEBUG c.e.s.s.impl.user.CaptchaServiceImpl - 验证码已清理，当前存储数: 0
2026-07-10 13:58:48.841 [captcha-cleaner] DEBUG c.e.s.s.impl.user.CaptchaServiceImpl - 验证码已清理，当前存储数: 0
2026-07-10 13:58:48.841 [captcha-cleaner] DEBUG c.e.s.s.impl.user.CaptchaServiceImpl - 验证码已清理，当前存储数: 0
2026-07-10 13:58:48.841 [captcha-cleaner] DEBUG c.e.s.s.impl.user.CaptchaServiceImpl - 验证码已清理，当前存储数: 0
2026-07-10 13:58:48.841 [captcha-cleaner] DEBUG c.e.s.s.impl.user.CaptchaServiceImpl - 验证码已清理，当前存储数: 0
2026-07-10 13:58:48.841 [captcha-cleaner] DEBUG c.e.s.s.impl.user.CaptchaServiceImpl - 验证码已清理，当前存储数: 0
2026-07-10 13:58:48.841 [captcha-cleaner] DEBUG c.e.s.s.impl.user.CaptchaServiceImpl - 验证码已清理，当前存储数: 0
2026-07-10 13:58:48.841 [captcha-cleaner] DEBUG c.e.s.s.impl.user.CaptchaServiceImpl - 验证码已清理，当前存储数: 0
2026-07-10 13:58:48.841 [captcha-cleaner] DEBUG c.e.s.s.impl.user.CaptchaServiceImpl - 验证码已清理，当前存储数: 0
2026-07-10 13:58:48.841 [captcha-cleaner] DEBUG c.e.s.s.impl.user.CaptchaServiceImpl - 验证码已清理，当前存储数: 0
2026-07-10 13:58:48.841 [captcha-cleaner] DEBUG c.e.s.s.impl.user.CaptchaServiceImpl - 验证码已清理，当前存储数: 0
2026-07-10 13:58:48.841 [captcha-cleaner] DEBUG c.e.s.s.impl.user.CaptchaServiceImpl - 验证码已清理，当前存储数: 0
2026-07-10 13:58:48.841 [captcha-cleaner] DEBUG c.e.s.s.impl.user.CaptchaServiceImpl - 验证码已清理，当前存储数: 0
2026-07-10 13:58:48.841 [captcha-cleaner] DEBUG c.e.s.s.impl.user.CaptchaServiceImpl - 验证码已清理，当前存储数: 0
2026-07-10 13:58:48.841 [captcha-cleaner] DEBUG c.e.s.s.impl.user.CaptchaServiceImpl - 验证码已清理，当前存储数: 0
2026-07-10 13:58:48.841 [captcha-cleaner] DEBUG c.e.s.s.impl.user.CaptchaServiceImpl - 验证码已清理，当前存储数: 0
2026-07-10 13:58:48.841 [captcha-cleaner] DEBUG c.e.s.s.impl.user.CaptchaServiceImpl - 验证码已清理，当前存储数: 0
2026-07-10 13:58:48.841 [captcha-cleaner] DEBUG c.e.s.s.impl.user.CaptchaServiceImpl - 验证码已清理，当前存储数: 0
2026-07-10 13:58:48.841 [captcha-cleaner] DEBUG c.e.s.s.impl.user.CaptchaServiceImpl - 验证码已清理，当前存储数: 0
2026-07-10 13:58:48.841 [captcha-cleaner] DEBUG c.e.s.s.impl.user.CaptchaServiceImpl - 验证码已清理，当前存储数: 0
2026-07-10 13:58:48.841 [captcha-cleaner] DEBUG c.e.s.s.impl.user.CaptchaServiceImpl - 验证码已清理，当前存储数: 0
2026-07-10 13:58:48.841 [captcha-cleaner] DEBUG c.e.s.s.impl.user.CaptchaServiceImpl - 验证码已清理，当前存储数: 0
2026-07-10 13:58:48.841 [captcha-cleaner] DEBUG c.e.s.s.impl.user.CaptchaServiceImpl - 验证码已清理，当前存储数: 0
2026-07-10 13:58:48.841 [captcha-cleaner] DEBUG c.e.s.s.impl.user.CaptchaServiceImpl - 验证码已清理，当前存储数: 0
2026-07-10 13:58:48.841 [captcha-cleaner] DEBUG c.e.s.s.impl.user.CaptchaServiceImpl - 验证码已清理，当前存储数: 0
2026-07-10 13:58:48.841 [captcha-cleaner] DEBUG c.e.s.s.impl.user.CaptchaServiceImpl - 验证码已清理，当前存储数: 0
2026-07-10 13:58:48.841 [captcha-cleaner] DEBUG c.e.s.s.impl.user.CaptchaServiceImpl - 验证码已清理，当前存储数: 0
2026-07-10 13:58:48.841 [captcha-cleaner] DEBUG c.e.s.s.impl.user.CaptchaServiceImpl - 验证码已清理，当前存储数: 0
2026-07-10 13:58:48.841 [captcha-cleaner] DEBUG c.e.s.s.impl.user.CaptchaServiceImpl - 验证码已清理，当前存储数: 0
2026-07-10 13:58:48.841 [captcha-cleaner] DEBUG c.e.s.s.impl.user.CaptchaServiceImpl - 验证码已清理，当前存储数: 0
2026-07-10 13:58:48.841 [captcha-cleaner] DEBUG c.e.s.s.impl.user.CaptchaServiceImpl - 验证码已清理，当前存储数: 0
2026-07-10 13:58:48.841 [captcha-cleaner] DEBUG c.e.s.s.impl.user.CaptchaServiceImpl - 验证码已清理，当前存储数: 0
2026-07-10 13:58:48.841 [captcha-cleaner] DEBUG c.e.s.s.impl.user.CaptchaServiceImpl - 验证码已清理，当前存储数: 0
2026-07-10 13:58:48.841 [captcha-cleaner] DEBUG c.e.s.s.impl.user.CaptchaServiceImpl - 验证码已清理，当前存储数: 0
2026-07-10 13:58:48.841 [captcha-cleaner] DEBUG c.e.s.s.impl.user.CaptchaServiceImpl - 验证码已清理，当前存储数: 0
2026-07-10 13:58:48.841 [captcha-cleaner] DEBUG c.e.s.s.impl.user.CaptchaServiceImpl - 验证码已清理，当前存储数: 0
2026-07-10 13:58:48.841 [captcha-cleaner] DEBUG c.e.s.s.impl.user.CaptchaServiceImpl - 验证码已清理，当前存储数: 0
2026-07-10 13:58:48.841 [captcha-cleaner] DEBUG c.e.s.s.impl.user.CaptchaServiceImpl - 验证码已清理，当前存储数: 0
2026-07-10 13:58:48.841 [captcha-cleaner] DEBUG c.e.s.s.impl.user.CaptchaServiceImpl - 验证码已清理，当前存储数: 0
2026-07-10 13:58:48.841 [captcha-cleaner] DEBUG c.e.s.s.impl.user.CaptchaServiceImpl - 验证码已清理，当前存储数: 0
2026-07-10 13:58:48.841 [captcha-cleaner] DEBUG c.e.s.s.impl.user.CaptchaServiceImpl - 验证码已清理，当前存储数: 0
2026-07-10 13:58:48.841 [captcha-cleaner] DEBUG c.e.s.s.impl.user.CaptchaServiceImpl - 验证码已清理，当前存储数: 0
2026-07-10 13:58:48.841 [captcha-cleaner] DEBUG c.e.s.s.impl.user.CaptchaServiceImpl - 验证码已清理，当前存储数: 0
2026-07-10 13:58:48.841 [captcha-cleaner] DEBUG c.e.s.s.impl.user.CaptchaServiceImpl - 验证码已清理，当前存储数: 0
2026-07-10 13:58:48.841 [captcha-cleaner] DEBUG c.e.s.s.impl.user.CaptchaServiceImpl - 验证码已清理，当前存储数: 0
2026-07-10 13:58:48.841 [captcha-cleaner] DEBUG c.e.s.s.impl.user.CaptchaServiceImpl - 验证码已清理，当前存储数: 0
2026-07-10 13:58:48.841 [captcha-cleaner] DEBUG c.e.s.s.impl.user.CaptchaServiceImpl - 验证码已清理，当前存储数: 0
2026-07-10 13:58:48.841 [captcha-cleaner] DEBUG c.e.s.s.impl.user.CaptchaServiceImpl - 验证码已清理，当前存储数: 0
2026-07-10 13:58:48.841 [captcha-cleaner] DEBUG c.e.s.s.impl.user.CaptchaServiceImpl - 验证码已清理，当前存储数: 0
2026-07-10 13:58:48.841 [captcha-cleaner] DEBUG c.e.s.s.impl.user.CaptchaServiceImpl - 验证码已清理，当前存储数: 0
2026-07-10 13:58:48.841 [captcha-cleaner] DEBUG c.e.s.s.impl.user.CaptchaServiceImpl - 验证码已清理，当前存储数: 0
2026-07-10 13:58:48.841 [captcha-cleaner] DEBUG c.e.s.s.impl.user.CaptchaServiceImpl - 验证码已清理，当前存储数: 0
2026-07-10 13:58:48.841 [captcha-cleaner] DEBUG c.e.s.s.impl.user.CaptchaServiceImpl - 验证码已清理，当前存储数: 0
2026-07-10 13:58:48.841 [captcha-cleaner] DEBUG c.e.s.s.impl.user.CaptchaServiceImpl - 验证码已清理，当前存储数: 0
2026-07-10 13:58:48.841 [captcha-cleaner] DEBUG c.e.s.s.impl.user.CaptchaServiceImpl - 验证码已清理，当前存储数: 0
2026-07-10 13:58:48.841 [captcha-cleaner] DEBUG c.e.s.s.impl.user.CaptchaServiceImpl - 验证码已清理，当前存储数: 0
2026-07-10 13:58:48.841 [captcha-cleaner] DEBUG c.e.s.s.impl.user.CaptchaServiceImpl - 验证码已清理，当前存储数: 0
2026-07-10 13:58:48.841 [captcha-cleaner] DEBUG c.e.s.s.impl.user.CaptchaServiceImpl - 验证码已清理，当前存储数: 0
2026-07-10 13:58:48.841 [captcha-cleaner] DEBUG c.e.s.s.impl.user.CaptchaServiceImpl - 验证码已清理，当前存储数: 0
2026-07-10 13:58:48.841 [captcha-cleaner] DEBUG c.e.s.s.impl.user.CaptchaServiceImpl - 验证码已清理，当前存储数: 0
2026-07-10 13:58:48.841 [captcha-cleaner] DEBUG c.e.s.s.impl.user.CaptchaServiceImpl - 验证码已清理，当前存储数: 0
2026-07-10 13:58:50.833 [captcha-cleaner] DEBUG c.e.s.s.impl.user.CaptchaServiceImpl - 验证码已清理，当前存储数: 0
2026-07-10 13:58:50.833 [captcha-cleaner] DEBUG c.e.s.s.impl.user.CaptchaServiceImpl - 验证码已清理，当前存储数: 0
2026-07-10 13:58:50.833 [captcha-cleaner] DEBUG c.e.s.s.impl.user.CaptchaServiceImpl - 验证码已清理，当前存储数: 0
2026-07-10 13:58:50.833 [captcha-cleaner] DEBUG c.e.s.s.impl.user.CaptchaServiceImpl - 验证码已清理，当前存储数: 0
2026-07-10 13:58:50.833 [captcha-cleaner] DEBUG c.e.s.s.impl.user.CaptchaServiceImpl - 验证码已清理，当前存储数: 0
2026-07-10 13:58:50.833 [captcha-cleaner] DEBUG c.e.s.s.impl.user.CaptchaServiceImpl - 验证码已清理，当前存储数: 0
2026-07-10 13:58:50.833 [captcha-cleaner] DEBUG c.e.s.s.impl.user.CaptchaServiceImpl - 验证码已清理，当前存储数: 0
2026-07-10 13:58:50.833 [captcha-cleaner] DEBUG c.e.s.s.impl.user.CaptchaServiceImpl - 验证码已清理，当前存储数: 0
2026-07-10 13:58:50.833 [captcha-cleaner] DEBUG c.e.s.s.impl.user.CaptchaServiceImpl - 验证码已清理，当前存储数: 0
2026-07-10 13:58:50.833 [captcha-cleaner] DEBUG c.e.s.s.impl.user.CaptchaServiceImpl - 验证码已清理，当前存储数: 0
2026-07-10 13:58:50.833 [captcha-cleaner] DEBUG c.e.s.s.impl.user.CaptchaServiceImpl - 验证码已清理，当前存储数: 0
2026-07-10 13:58:50.833 [captcha-cleaner] DEBUG c.e.s.s.impl.user.CaptchaServiceImpl - 验证码已清理，当前存储数: 0
2026-07-10 13:58:50.833 [captcha-cleaner] DEBUG c.e.s.s.impl.user.CaptchaServiceImpl - 验证码已清理，当前存储数: 0
2026-07-10 13:58:50.833 [captcha-cleaner] DEBUG c.e.s.s.impl.user.CaptchaServiceImpl - 验证码已清理，当前存储数: 0
2026-07-10 13:58:50.833 [captcha-cleaner] DEBUG c.e.s.s.impl.user.CaptchaServiceImpl - 验证码已清理，当前存储数: 0
2026-07-10 13:58:50.833 [captcha-cleaner] DEBUG c.e.s.s.impl.user.CaptchaServiceImpl - 验证码已清理，当前存储数: 0
2026-07-10 13:58:50.833 [captcha-cleaner] DEBUG c.e.s.s.impl.user.CaptchaServiceImpl - 验证码已清理，当前存储数: 0
2026-07-10 13:58:50.833 [captcha-cleaner] DEBUG c.e.s.s.impl.user.CaptchaServiceImpl - 验证码已清理，当前存储数: 0
2026-07-10 13:58:50.833 [captcha-cleaner] DEBUG c.e.s.s.impl.user.CaptchaServiceImpl - 验证码已清理，当前存储数: 0
2026-07-10 13:58:50.833 [captcha-cleaner] DEBUG c.e.s.s.impl.user.CaptchaServiceImpl - 验证码已清理，当前存储数: 0
2026-07-10 13:58:50.833 [captcha-cleaner] DEBUG c.e.s.s.impl.user.CaptchaServiceImpl - 验证码已清理，当前存储数: 0
2026-07-10 13:58:50.833 [captcha-cleaner] DEBUG c.e.s.s.impl.user.CaptchaServiceImpl - 验证码已清理，当前存储数: 0
2026-07-10 13:58:50.833 [captcha-cleaner] DEBUG c.e.s.s.impl.user.CaptchaServiceImpl - 验证码已清理，当前存储数: 0
2026-07-10 13:58:50.833 [captcha-cleaner] DEBUG c.e.s.s.impl.user.CaptchaServiceImpl - 验证码已清理，当前存储数: 0
2026-07-10 13:58:50.833 [captcha-cleaner] DEBUG c.e.s.s.impl.user.CaptchaServiceImpl - 验证码已清理，当前存储数: 0
2026-07-10 13:58:50.833 [captcha-cleaner] DEBUG c.e.s.s.impl.user.CaptchaServiceImpl - 验证码已清理，当前存储数: 0
2026-07-10 13:58:50.833 [captcha-cleaner] DEBUG c.e.s.s.impl.user.CaptchaServiceImpl - 验证码已清理，当前存储数: 0
2026-07-10 13:58:50.833 [captcha-cleaner] DEBUG c.e.s.s.impl.user.CaptchaServiceImpl - 验证码已清理，当前存储数: 0
2026-07-10 13:58:50.833 [captcha-cleaner] DEBUG c.e.s.s.impl.user.CaptchaServiceImpl - 验证码已清理，当前存储数: 0
2026-07-10 13:58:50.833 [captcha-cleaner] DEBUG c.e.s.s.impl.user.CaptchaServiceImpl - 验证码已清理，当前存储数: 0
2026-07-10 13:58:50.833 [captcha-cleaner] DEBUG c.e.s.s.impl.user.CaptchaServiceImpl - 验证码已清理，当前存储数: 0
2026-07-10 13:58:50.833 [captcha-cleaner] DEBUG c.e.s.s.impl.user.CaptchaServiceImpl - 验证码已清理，当前存储数: 0
2026-07-10 13:58:50.833 [captcha-cleaner] DEBUG c.e.s.s.impl.user.CaptchaServiceImpl - 验证码已清理，当前存储数: 0
2026-07-10 13:58:50.833 [captcha-cleaner] DEBUG c.e.s.s.impl.user.CaptchaServiceImpl - 验证码已清理，当前存储数: 0
2026-07-10 13:58:50.833 [captcha-cleaner] DEBUG c.e.s.s.impl.user.CaptchaServiceImpl - 验证码已清理，当前存储数: 0
2026-07-10 13:58:50.833 [captcha-cleaner] DEBUG c.e.s.s.impl.user.CaptchaServiceImpl - 验证码已清理，当前存储数: 0
2026-07-10 13:58:50.833 [captcha-cleaner] DEBUG c.e.s.s.impl.user.CaptchaServiceImpl - 验证码已清理，当前存储数: 0
2026-07-10 13:58:50.833 [captcha-cleaner] DEBUG c.e.s.s.impl.user.CaptchaServiceImpl - 验证码已清理，当前存储数: 0
2026-07-10 13:58:50.833 [captcha-cleaner] DEBUG c.e.s.s.impl.user.CaptchaServiceImpl - 验证码已清理，当前存储数: 0
2026-07-10 13:58:50.833 [captcha-cleaner] DEBUG c.e.s.s.impl.user.CaptchaServiceImpl - 验证码已清理，当前存储数: 0
2026-07-10 13:58:50.833 [captcha-cleaner] DEBUG c.e.s.s.impl.user.CaptchaServiceImpl - 验证码已清理，当前存储数: 0
2026-07-10 13:58:50.833 [captcha-cleaner] DEBUG c.e.s.s.impl.user.CaptchaServiceImpl - 验证码已清理，当前存储数: 0
2026-07-10 13:58:50.833 [captcha-cleaner] DEBUG c.e.s.s.impl.user.CaptchaServiceImpl - 验证码已清理，当前存储数: 0
2026-07-10 13:58:50.833 [captcha-cleaner] DEBUG c.e.s.s.impl.user.CaptchaServiceImpl - 验证码已清理，当前存储数: 0
2026-07-10 13:58:50.833 [captcha-cleaner] DEBUG c.e.s.s.impl.user.CaptchaServiceImpl - 验证码已清理，当前存储数: 0
2026-07-10 13:58:50.833 [captcha-cleaner] DEBUG c.e.s.s.impl.user.CaptchaServiceImpl - 验证码已清理，当前存储数: 0
2026-07-10 13:58:50.833 [captcha-cleaner] DEBUG c.e.s.s.impl.user.CaptchaServiceImpl - 验证码已清理，当前存储数: 0
2026-07-10 13:58:50.833 [captcha-cleaner] DEBUG c.e.s.s.impl.user.CaptchaServiceImpl - 验证码已清理，当前存储数: 0
2026-07-10 13:58:50.833 [captcha-cleaner] DEBUG c.e.s.s.impl.user.CaptchaServiceImpl - 验证码已清理，当前存储数: 0
2026-07-10 13:58:50.833 [captcha-cleaner] DEBUG c.e.s.s.impl.user.CaptchaServiceImpl - 验证码已清理，当前存储数: 0
2026-07-10 13:58:50.833 [captcha-cleaner] DEBUG c.e.s.s.impl.user.CaptchaServiceImpl - 验证码已清理，当前存储数: 0
2026-07-10 13:58:50.833 [captcha-cleaner] DEBUG c.e.s.s.impl.user.CaptchaServiceImpl - 验证码已清理，当前存储数: 0
2026-07-10 13:58:50.833 [captcha-cleaner] DEBUG c.e.s.s.impl.user.CaptchaServiceImpl - 验证码已清理，当前存储数: 0
2026-07-10 13:58:50.833 [captcha-cleaner] DEBUG c.e.s.s.impl.user.CaptchaServiceImpl - 验证码已清理，当前存储数: 0
2026-07-10 13:58:50.833 [captcha-cleaner] DEBUG c.e.s.s.impl.user.CaptchaServiceImpl - 验证码已清理，当前存储数: 0
2026-07-10 13:58:50.833 [captcha-cleaner] DEBUG c.e.s.s.impl.user.CaptchaServiceImpl - 验证码已清理，当前存储数: 0
2026-07-10 13:58:50.833 [captcha-cleaner] DEBUG c.e.s.s.impl.user.CaptchaServiceImpl - 验证码已清理，当前存储数: 0
2026-07-10 13:58:50.833 [captcha-cleaner] DEBUG c.e.s.s.impl.user.CaptchaServiceImpl - 验证码已清理，当前存储数: 0
2026-07-10 13:58:50.833 [captcha-cleaner] DEBUG c.e.s.s.impl.user.CaptchaServiceImpl - 验证码已清理，当前存储数: 0
2026-07-10 13:58:50.833 [captcha-cleaner] DEBUG c.e.s.s.impl.user.CaptchaServiceImpl - 验证码已清理，当前存储数: 0
2026-07-10 13:58:50.833 [captcha-cleaner] DEBUG c.e.s.s.impl.user.CaptchaServiceImpl - 验证码已清理，当前存储数: 0
2026-07-10 13:58:50.833 [captcha-cleaner] DEBUG c.e.s.s.impl.user.CaptchaServiceImpl - 验证码已清理，当前存储数: 0
2026-07-10 13:58:50.833 [captcha-cleaner] DEBUG c.e.s.s.impl.user.CaptchaServiceImpl - 验证码已清理，当前存储数: 0
2026-07-10 13:58:50.833 [captcha-cleaner] DEBUG c.e.s.s.impl.user.CaptchaServiceImpl - 验证码已清理，当前存储数: 0
2026-07-10 13:58:50.833 [captcha-cleaner] DEBUG c.e.s.s.impl.user.CaptchaServiceImpl - 验证码已清理，当前存储数: 0
2026-07-10 13:58:50.833 [captcha-cleaner] DEBUG c.e.s.s.impl.user.CaptchaServiceImpl - 验证码已清理，当前存储数: 0
2026-07-10 13:59:01.616 [captcha-cleaner] DEBUG c.e.s.s.impl.user.CaptchaServiceImpl - 验证码已清理，当前存储数: 0
2026-07-10 13:59:01.616 [captcha-cleaner] DEBUG c.e.s.s.impl.user.CaptchaServiceImpl - 验证码已清理，当前存储数: 0
2026-07-10 13:59:01.616 [captcha-cleaner] DEBUG c.e.s.s.impl.user.CaptchaServiceImpl - 验证码已清理，当前存储数: 0
2026-07-10 13:59:01.616 [captcha-cleaner] DEBUG c.e.s.s.impl.user.CaptchaServiceImpl - 验证码已清理，当前存储数: 0
2026-07-10 13:59:01.616 [captcha-cleaner] DEBUG c.e.s.s.impl.user.CaptchaServiceImpl - 验证码已清理，当前存储数: 0
2026-07-10 13:59:01.616 [captcha-cleaner] DEBUG c.e.s.s.impl.user.CaptchaServiceImpl - 验证码已清理，当前存储数: 0
2026-07-10 13:59:01.616 [captcha-cleaner] DEBUG c.e.s.s.impl.user.CaptchaServiceImpl - 验证码已清理，当前存储数: 0
2026-07-10 13:59:01.616 [captcha-cleaner] DEBUG c.e.s.s.impl.user.CaptchaServiceImpl - 验证码已清理，当前存储数: 0
2026-07-10 13:59:01.616 [captcha-cleaner] DEBUG c.e.s.s.impl.user.CaptchaServiceImpl - 验证码已清理，当前存储数: 0
2026-07-10 13:59:01.616 [captcha-cleaner] DEBUG c.e.s.s.impl.user.CaptchaServiceImpl - 验证码已清理，当前存储数: 0
2026-07-10 13:59:01.616 [captcha-cleaner] DEBUG c.e.s.s.impl.user.CaptchaServiceImpl - 验证码已清理，当前存储数: 0
2026-07-10 13:59:01.616 [captcha-cleaner] DEBUG c.e.s.s.impl.user.CaptchaServiceImpl - 验证码已清理，当前存储数: 0
2026-07-10 13:59:01.616 [captcha-cleaner] DEBUG c.e.s.s.impl.user.CaptchaServiceImpl - 验证码已清理，当前存储数: 0
2026-07-10 13:59:01.616 [captcha-cleaner] DEBUG c.e.s.s.impl.user.CaptchaServiceImpl - 验证码已清理，当前存储数: 0
2026-07-10 13:59:01.616 [captcha-cleaner] DEBUG c.e.s.s.impl.user.CaptchaServiceImpl - 验证码已清理，当前存储数: 0
2026-07-10 13:59:01.618 [captcha-cleaner] DEBUG c.e.s.s.impl.user.CaptchaServiceImpl - 验证码已清理，当前存储数: 0
2026-07-10 13:59:01.618 [captcha-cleaner] DEBUG c.e.s.s.impl.user.CaptchaServiceImpl - 验证码已清理，当前存储数: 0
2026-07-10 13:59:01.618 [captcha-cleaner] DEBUG c.e.s.s.impl.user.CaptchaServiceImpl - 验证码已清理，当前存储数: 0
2026-07-10 13:59:01.618 [captcha-cleaner] DEBUG c.e.s.s.impl.user.CaptchaServiceImpl - 验证码已清理，当前存储数: 0
2026-07-10 13:59:01.618 [captcha-cleaner] DEBUG c.e.s.s.impl.user.CaptchaServiceImpl - 验证码已清理，当前存储数: 0
2026-07-10 13:59:01.618 [captcha-cleaner] DEBUG c.e.s.s.impl.user.CaptchaServiceImpl - 验证码已清理，当前存储数: 0
2026-07-10 13:59:01.618 [captcha-cleaner] DEBUG c.e.s.s.impl.user.CaptchaServiceImpl - 验证码已清理，当前存储数: 0
2026-07-10 13:59:01.618 [captcha-cleaner] DEBUG c.e.s.s.impl.user.CaptchaServiceImpl - 验证码已清理，当前存储数: 0
2026-07-10 13:59:01.618 [captcha-cleaner] DEBUG c.e.s.s.impl.user.CaptchaServiceImpl - 验证码已清理，当前存储数: 0
2026-07-10 13:59:01.618 [captcha-cleaner] DEBUG c.e.s.s.impl.user.CaptchaServiceImpl - 验证码已清理，当前存储数: 0
2026-07-10 13:59:01.618 [captcha-cleaner] DEBUG c.e.s.s.impl.user.CaptchaServiceImpl - 验证码已清理，当前存储数: 0
2026-07-10 13:59:01.618 [captcha-cleaner] DEBUG c.e.s.s.impl.user.CaptchaServiceImpl - 验证码已清理，当前存储数: 0
2026-07-10 13:59:01.618 [captcha-cleaner] DEBUG c.e.s.s.impl.user.CaptchaServiceImpl - 验证码已清理，当前存储数: 0
2026-07-10 13:59:01.618 [captcha-cleaner] DEBUG c.e.s.s.impl.user.CaptchaServiceImpl - 验证码已清理，当前存储数: 0
2026-07-10 13:59:01.618 [captcha-cleaner] DEBUG c.e.s.s.impl.user.CaptchaServiceImpl - 验证码已清理，当前存储数: 0
2026-07-10 13:59:01.618 [captcha-cleaner] DEBUG c.e.s.s.impl.user.CaptchaServiceImpl - 验证码已清理，当前存储数: 0
2026-07-10 13:59:01.618 [captcha-cleaner] DEBUG c.e.s.s.impl.user.CaptchaServiceImpl - 验证码已清理，当前存储数: 0
2026-07-10 13:59:01.618 [captcha-cleaner] DEBUG c.e.s.s.impl.user.CaptchaServiceImpl - 验证码已清理，当前存储数: 0
2026-07-10 13:59:01.618 [captcha-cleaner] DEBUG c.e.s.s.impl.user.CaptchaServiceImpl - 验证码已清理，当前存储数: 0
2026-07-10 13:59:01.618 [captcha-cleaner] DEBUG c.e.s.s.impl.user.CaptchaServiceImpl - 验证码已清理，当前存储数: 0
2026-07-10 13:59:01.618 [captcha-cleaner] DEBUG c.e.s.s.impl.user.CaptchaServiceImpl - 验证码已清理，当前存储数: 0
2026-07-10 13:59:01.618 [captcha-cleaner] DEBUG c.e.s.s.impl.user.CaptchaServiceImpl - 验证码已清理，当前存储数: 0
2026-07-10 13:59:01.618 [captcha-cleaner] DEBUG c.e.s.s.impl.user.CaptchaServiceImpl - 验证码已清理，当前存储数: 0
2026-07-10 13:59:01.618 [captcha-cleaner] DEBUG c.e.s.s.impl.user.CaptchaServiceImpl - 验证码已清理，当前存储数: 0
2026-07-10 13:59:01.618 [captcha-cleaner] DEBUG c.e.s.s.impl.user.CaptchaServiceImpl - 验证码已清理，当前存储数: 0
2026-07-10 13:59:01.618 [captcha-cleaner] DEBUG c.e.s.s.impl.user.CaptchaServiceImpl - 验证码已清理，当前存储数: 0
2026-07-10 13:59:01.618 [captcha-cleaner] DEBUG c.e.s.s.impl.user.CaptchaServiceImpl - 验证码已清理，当前存储数: 0
2026-07-10 13:59:01.618 [captcha-cleaner] DEBUG c.e.s.s.impl.user.CaptchaServiceImpl - 验证码已清理，当前存储数: 0
2026-07-10 13:59:01.618 [captcha-cleaner] DEBUG c.e.s.s.impl.user.CaptchaServiceImpl - 验证码已清理，当前存储数: 0
2026-07-10 13:59:01.618 [captcha-cleaner] DEBUG c.e.s.s.impl.user.CaptchaServiceImpl - 验证码已清理，当前存储数: 0
2026-07-10 13:59:01.618 [captcha-cleaner] DEBUG c.e.s.s.impl.user.CaptchaServiceImpl - 验证码已清理，当前存储数: 0
2026-07-10 13:59:01.618 [captcha-cleaner] DEBUG c.e.s.s.impl.user.CaptchaServiceImpl - 验证码已清理，当前存储数: 0
2026-07-10 13:59:01.618 [captcha-cleaner] DEBUG c.e.s.s.impl.user.CaptchaServiceImpl - 验证码已清理，当前存储数: 0
2026-07-10 13:59:01.618 [captcha-cleaner] DEBUG c.e.s.s.impl.user.CaptchaServiceImpl - 验证码已清理，当前存储数: 0
2026-07-10 13:59:01.618 [captcha-cleaner] DEBUG c.e.s.s.impl.user.CaptchaServiceImpl - 验证码已清理，当前存储数: 0
2026-07-10 13:59:01.618 [captcha-cleaner] DEBUG c.e.s.s.impl.user.CaptchaServiceImpl - 验证码已清理，当前存储数: 0
2026-07-10 13:59:01.618 [captcha-cleaner] DEBUG c.e.s.s.impl.user.CaptchaServiceImpl - 验证码已清理，当前存储数: 0
2026-07-10 13:59:01.618 [captcha-cleaner] DEBUG c.e.s.s.impl.user.CaptchaServiceImpl - 验证码已清理，当前存储数: 0
2026-07-10 13:59:01.618 [captcha-cleaner] DEBUG c.e.s.s.impl.user.CaptchaServiceImpl - 验证码已清理，当前存储数: 0
2026-07-10 13:59:01.618 [captcha-cleaner] DEBUG c.e.s.s.impl.user.CaptchaServiceImpl - 验证码已清理，当前存储数: 0
2026-07-10 13:59:01.618 [captcha-cleaner] DEBUG c.e.s.s.impl.user.CaptchaServiceImpl - 验证码已清理，当前存储数: 0
2026-07-10 13:59:01.618 [captcha-cleaner] DEBUG c.e.s.s.impl.user.CaptchaServiceImpl - 验证码已清理，当前存储数: 0
2026-07-10 13:59:01.618 [captcha-cleaner] DEBUG c.e.s.s.impl.user.CaptchaServiceImpl - 验证码已清理，当前存储数: 0
2026-07-10 13:59:01.618 [captcha-cleaner] DEBUG c.e.s.s.impl.user.CaptchaServiceImpl - 验证码已清理，当前存储数: 0
2026-07-10 13:59:01.618 [captcha-cleaner] DEBUG c.e.s.s.impl.user.CaptchaServiceImpl - 验证码已清理，当前存储数: 0
2026-07-10 13:59:01.618 [captcha-cleaner] DEBUG c.e.s.s.impl.user.CaptchaServiceImpl - 验证码已清理，当前存储数: 0
2026-07-10 13:59:01.618 [captcha-cleaner] DEBUG c.e.s.s.impl.user.CaptchaServiceImpl - 验证码已清理，当前存储数: 0
2026-07-10 13:59:01.618 [captcha-cleaner] DEBUG c.e.s.s.impl.user.CaptchaServiceImpl - 验证码已清理，当前存储数: 0
2026-07-10 13:59:01.618 [captcha-cleaner] DEBUG c.e.s.s.impl.user.CaptchaServiceImpl - 验证码已清理，当前存储数: 0
2026-07-10 13:59:01.618 [captcha-cleaner] DEBUG c.e.s.s.impl.user.CaptchaServiceImpl - 验证码已清理，当前存储数: 0
2026-07-10 13:59:01.618 [captcha-cleaner] DEBUG c.e.s.s.impl.user.CaptchaServiceImpl - 验证码已清理，当前存储数: 0
2026-07-10 13:59:40.743 [captcha-cleaner] DEBUG c.e.s.s.impl.user.CaptchaServiceImpl - 验证码已清理，当前存储数: 0
2026-07-10 13:59:43.156 [captcha-cleaner] DEBUG c.e.s.s.impl.user.CaptchaServiceImpl - 验证码已清理，当前存储数: 0
2026-07-10 13:59:45.154 [captcha-cleaner] DEBUG c.e.s.s.impl.user.CaptchaServiceImpl - 验证码已清理，当前存储数: 0
2026-07-10 13:59:55.932 [captcha-cleaner] DEBUG c.e.s.s.impl.user.CaptchaServiceImpl - 验证码已清理，当前存储数: 0
2026-07-10 14:00:40.741 [captcha-cleaner] DEBUG c.e.s.s.impl.user.CaptchaServiceImpl - 验证码已清理，当前存储数: 0
2026-07-10 14:00:43.164 [captcha-cleaner] DEBUG c.e.s.s.impl.user.CaptchaServiceImpl - 验证码已清理，当前存储数: 0
2026-07-10 14:00:45.148 [captcha-cleaner] DEBUG c.e.s.s.impl.user.CaptchaServiceImpl - 验证码已清理，当前存储数: 0
2026-07-10 14:00:55.939 [captcha-cleaner] DEBUG c.e.s.s.impl.user.CaptchaServiceImpl - 验证码已清理，当前存储数: 0
2026-07-10 14:01:40.740 [captcha-cleaner] DEBUG c.e.s.s.impl.user.CaptchaServiceImpl - 验证码已清理，当前存储数: 0
2026-07-10 14:01:43.168 [captcha-cleaner] DEBUG c.e.s.s.impl.user.CaptchaServiceImpl - 验证码已清理，当前存储数: 0
2026-07-10 14:01:45.141 [captcha-cleaner] DEBUG c.e.s.s.impl.user.CaptchaServiceImpl - 验证码已清理，当前存储数: 0
2026-07-10 14:01:55.933 [captcha-cleaner] DEBUG c.e.s.s.impl.user.CaptchaServiceImpl - 验证码已清理，当前存储数: 0
2026-07-10 14:02:40.751 [captcha-cleaner] DEBUG c.e.s.s.impl.user.CaptchaServiceImpl - 验证码已清理，当前存储数: 0
2026-07-10 14:02:43.167 [captcha-cleaner] DEBUG c.e.s.s.impl.user.CaptchaServiceImpl - 验证码已清理，当前存储数: 0
2026-07-10 14:02:45.147 [captcha-cleaner] DEBUG c.e.s.s.impl.user.CaptchaServiceImpl - 验证码已清理，当前存储数: 0
2026-07-10 14:02:55.938 [captcha-cleaner] DEBUG c.e.s.s.impl.user.CaptchaServiceImpl - 验证码已清理，当前存储数: 0
2026-07-10 14:03:40.749 [captcha-cleaner] DEBUG c.e.s.s.impl.user.CaptchaServiceImpl - 验证码已清理，当前存储数: 0
2026-07-10 14:03:43.164 [captcha-cleaner] DEBUG c.e.s.s.impl.user.CaptchaServiceImpl - 验证码已清理，当前存储数: 0
2026-07-10 14:03:45.154 [captcha-cleaner] DEBUG c.e.s.s.impl.user.CaptchaServiceImpl - 验证码已清理，当前存储数: 0
2026-07-10 14:03:55.936 [captcha-cleaner] DEBUG c.e.s.s.impl.user.CaptchaServiceImpl - 验证码已清理，当前存储数: 0
2026-07-10 14:04:40.744 [captcha-cleaner] DEBUG c.e.s.s.impl.user.CaptchaServiceImpl - 验证码已清理，当前存储数: 0
2026-07-10 14:04:43.154 [captcha-cleaner] DEBUG c.e.s.s.impl.user.CaptchaServiceImpl - 验证码已清理，当前存储数: 0
2026-07-10 14:04:45.145 [captcha-cleaner] DEBUG c.e.s.s.impl.user.CaptchaServiceImpl - 验证码已清理，当前存储数: 0
2026-07-10 14:04:55.934 [captcha-cleaner] DEBUG c.e.s.s.impl.user.CaptchaServiceImpl - 验证码已清理，当前存储数: 0
2026-07-10 14:05:40.745 [captcha-cleaner] DEBUG c.e.s.s.impl.user.CaptchaServiceImpl - 验证码已清理，当前存储数: 0
2026-07-10 14:05:43.161 [captcha-cleaner] DEBUG c.e.s.s.impl.user.CaptchaServiceImpl - 验证码已清理，当前存储数: 0
2026-07-10 14:05:45.150 [captcha-cleaner] DEBUG c.e.s.s.impl.user.CaptchaServiceImpl - 验证码已清理，当前存储数: 0
2026-07-10 14:05:55.933 [captcha-cleaner] DEBUG c.e.s.s.impl.user.CaptchaServiceImpl - 验证码已清理，当前存储数: 0
2026-07-10 14:06:40.743 [captcha-cleaner] DEBUG c.e.s.s.impl.user.CaptchaServiceImpl - 验证码已清理，当前存储数: 0
2026-07-10 14:06:43.161 [captcha-cleaner] DEBUG c.e.s.s.impl.user.CaptchaServiceImpl - 验证码已清理，当前存储数: 0
2026-07-10 14:06:45.142 [captcha-cleaner] DEBUG c.e.s.s.impl.user.CaptchaServiceImpl - 验证码已清理，当前存储数: 0
2026-07-10 14:06:55.934 [captcha-cleaner] DEBUG c.e.s.s.impl.user.CaptchaServiceImpl - 验证码已清理，当前存储数: 0
2026-07-10 14:07:40.743 [captcha-cleaner] DEBUG c.e.s.s.impl.user.CaptchaServiceImpl - 验证码已清理，当前存储数: 0
2026-07-10 14:07:43.159 [captcha-cleaner] DEBUG c.e.s.s.impl.user.CaptchaServiceImpl - 验证码已清理，当前存储数: 0
2026-07-10 14:07:45.154 [captcha-cleaner] DEBUG c.e.s.s.impl.user.CaptchaServiceImpl - 验证码已清理，当前存储数: 0
2026-07-10 14:07:50.950 [http-nio-8080-exec-3] WARN  c.e.s.s.impl.user.UserServiceImpl - 登录失败：验证码错误 userNo=admin
2026-07-10 14:07:51.004 [http-nio-8080-exec-3] WARN  c.e.s.e.GlobalExceptionHandler - 业务异常: code=10001, message=验证码错误或已过期
2026-07-10 14:07:55.788 [http-nio-8080-exec-4] DEBUG c.e.s.s.impl.user.CaptchaServiceImpl - 验证码已生成: key=e461b9ba-57ba-4dcb-9ca1-423d7a2ab60a, code=D3SM
2026-07-10 14:07:55.926 [captcha-cleaner] DEBUG c.e.s.s.impl.user.CaptchaServiceImpl - 验证码已清理，当前存储数: 1
2026-07-10 14:08:37.255 [http-nio-8080-exec-5] DEBUG c.e.s.s.impl.user.UserServiceImpl - 记住密码：已为用户 userId=1 生成 rememberToken
2026-07-10 14:08:37.283 [http-nio-8080-exec-5] INFO  c.e.s.s.impl.user.UserServiceImpl - 登录成功 userNo=admin, userId=1, rememberMe=true
2026-07-10 14:08:40.753 [captcha-cleaner] DEBUG c.e.s.s.impl.user.CaptchaServiceImpl - 验证码已清理，当前存储数: 0
2026-07-10 14:08:43.161 [captcha-cleaner] DEBUG c.e.s.s.impl.user.CaptchaServiceImpl - 验证码已清理，当前存储数: 0
2026-07-10 14:08:43.987 [http-nio-8080-exec-6] WARN  c.e.s.s.impl.user.UserServiceImpl - 登录失败：验证码错误 userNo=admin
2026-07-10 14:08:44.007 [http-nio-8080-exec-6] WARN  c.e.s.e.GlobalExceptionHandler - 业务异常: code=10001, message=验证码错误或已过期
2026-07-10 14:08:45.145 [captcha-cleaner] DEBUG c.e.s.s.impl.user.CaptchaServiceImpl - 验证码已清理，当前存储数: 0
2026-07-10 14:08:47.812 [http-nio-8080-exec-7] DEBUG c.e.s.s.impl.user.CaptchaServiceImpl - 验证码已生成: key=5dacf78e-2526-4ba4-82d0-b319f5fb8b6f, code=HFJD
2026-07-10 14:08:55.934 [captcha-cleaner] DEBUG c.e.s.s.impl.user.CaptchaServiceImpl - 验证码已清理，当前存储数: 1
2026-07-10 14:09:14.917 [http-nio-8080-exec-8] DEBUG c.e.s.s.impl.user.CaptchaServiceImpl - 验证码已生成: key=a150064a-4162-43cb-b7a5-369f15051173, code=WRZ9
2026-07-10 14:09:17.057 [http-nio-8080-exec-9] DEBUG c.e.s.s.impl.user.UserServiceImpl - 记住密码：已为用户 userId=1 生成 rememberToken
2026-07-10 14:09:17.078 [http-nio-8080-exec-9] INFO  c.e.s.s.impl.user.UserServiceImpl - 登录成功 userNo=admin, userId=1, rememberMe=true
2026-07-10 14:09:40.745 [captcha-cleaner] DEBUG c.e.s.s.impl.user.CaptchaServiceImpl - 验证码已清理，当前存储数: 0
2026-07-10 14:09:43.165 [captcha-cleaner] DEBUG c.e.s.s.impl.user.CaptchaServiceImpl - 验证码已清理，当前存储数: 0
2026-07-10 14:09:45.148 [captcha-cleaner] DEBUG c.e.s.s.impl.user.CaptchaServiceImpl - 验证码已清理，当前存储数: 0
2026-07-10 14:09:55.931 [captcha-cleaner] DEBUG c.e.s.s.impl.user.CaptchaServiceImpl - 验证码已清理，当前存储数: 1
2026-07-10 14:10:40.744 [captcha-cleaner] DEBUG c.e.s.s.impl.user.CaptchaServiceImpl - 验证码已清理，当前存储数: 0
2026-07-10 14:10:43.159 [captcha-cleaner] DEBUG c.e.s.s.impl.user.CaptchaServiceImpl - 验证码已清理，当前存储数: 0
2026-07-10 14:10:45.142 [captcha-cleaner] DEBUG c.e.s.s.impl.user.CaptchaServiceImpl - 验证码已清理，当前存储数: 0
2026-07-10 14:10:51.881 [restartedMain] INFO  c.e.s.StudentArchivesApplication - Starting StudentArchivesApplication using Java 21.0.11 with PID 30764 (E:\StudentArchives\target\classes started by 21117 in E:\StudentArchives)
2026-07-10 14:10:51.881 [restartedMain] DEBUG c.e.s.StudentArchivesApplication - Running with Spring Boot v3.3.0, Spring v6.1.8
2026-07-10 14:10:51.881 [restartedMain] INFO  c.e.s.StudentArchivesApplication - The following 1 profile is active: "dev"
2026-07-10 14:10:52.586 [restartedMain] DEBUG c.e.s.c.s.JwtAuthenticationFilter - Filter 'jwtAuthenticationFilter' configured for use
2026-07-10 14:10:54.061 [restartedMain] INFO  c.e.s.StudentArchivesApplication - Started StudentArchivesApplication in 2.206 seconds (process running for 7095.477)
2026-07-10 14:10:55.931 [captcha-cleaner] DEBUG c.e.s.s.impl.user.CaptchaServiceImpl - 验证码已清理，当前存储数: 1
2026-07-10 14:11:12.024 [restartedMain] INFO  c.e.s.StudentArchivesApplication - Starting StudentArchivesApplication using Java 21.0.11 with PID 30764 (E:\StudentArchives\target\classes started by 21117 in E:\StudentArchives)
2026-07-10 14:11:12.024 [restartedMain] DEBUG c.e.s.StudentArchivesApplication - Running with Spring Boot v3.3.0, Spring v6.1.8
2026-07-10 14:11:12.024 [restartedMain] INFO  c.e.s.StudentArchivesApplication - The following 1 profile is active: "dev"
2026-07-10 14:11:17.072 [restartedMain] INFO  c.e.s.StudentArchivesApplication - Starting StudentArchivesApplication using Java 21.0.11 with PID 30764 (E:\StudentArchives\target\classes started by 21117 in E:\StudentArchives)
2026-07-10 14:11:17.073 [restartedMain] DEBUG c.e.s.StudentArchivesApplication - Running with Spring Boot v3.3.0, Spring v6.1.8
2026-07-10 14:11:17.073 [restartedMain] INFO  c.e.s.StudentArchivesApplication - The following 1 profile is active: "dev"
2026-07-10 14:11:17.585 [restartedMain] DEBUG c.e.s.c.s.JwtAuthenticationFilter - Filter 'jwtAuthenticationFilter' configured for use
2026-07-10 14:11:18.781 [restartedMain] INFO  c.e.s.StudentArchivesApplication - Started StudentArchivesApplication in 1.725 seconds (process running for 7120.198)
2026-07-10 14:11:40.740 [captcha-cleaner] DEBUG c.e.s.s.impl.user.CaptchaServiceImpl - 验证码已清理，当前存储数: 0
2026-07-10 14:11:43.155 [captcha-cleaner] DEBUG c.e.s.s.impl.user.CaptchaServiceImpl - 验证码已清理，当前存储数: 0
2026-07-10 14:11:45.144 [captcha-cleaner] DEBUG c.e.s.s.impl.user.CaptchaServiceImpl - 验证码已清理，当前存储数: 0
2026-07-10 14:11:53.808 [captcha-cleaner] DEBUG c.e.s.s.impl.user.CaptchaServiceImpl - 验证码已清理，当前存储数: 0
2026-07-10 14:11:55.933 [captcha-cleaner] DEBUG c.e.s.s.impl.user.CaptchaServiceImpl - 验证码已清理，当前存储数: 1
2026-07-10 14:12:18.613 [captcha-cleaner] DEBUG c.e.s.s.impl.user.CaptchaServiceImpl - 验证码已清理，当前存储数: 0
2026-07-10 14:12:40.743 [captcha-cleaner] DEBUG c.e.s.s.impl.user.CaptchaServiceImpl - 验证码已清理，当前存储数: 0
2026-07-10 14:12:43.154 [captcha-cleaner] DEBUG c.e.s.s.impl.user.CaptchaServiceImpl - 验证码已清理，当前存储数: 0
2026-07-10 14:12:45.149 [captcha-cleaner] DEBUG c.e.s.s.impl.user.CaptchaServiceImpl - 验证码已清理，当前存储数: 0
2026-07-10 14:12:53.810 [captcha-cleaner] DEBUG c.e.s.s.impl.user.CaptchaServiceImpl - 验证码已清理，当前存储数: 0
2026-07-10 14:12:55.930 [captcha-cleaner] DEBUG c.e.s.s.impl.user.CaptchaServiceImpl - 验证码已清理，当前存储数: 1
2026-07-10 14:13:18.619 [captcha-cleaner] DEBUG c.e.s.s.impl.user.CaptchaServiceImpl - 验证码已清理，当前存储数: 0
2026-07-10 14:13:40.750 [captcha-cleaner] DEBUG c.e.s.s.impl.user.CaptchaServiceImpl - 验证码已清理，当前存储数: 0
2026-07-10 14:13:43.165 [captcha-cleaner] DEBUG c.e.s.s.impl.user.CaptchaServiceImpl - 验证码已清理，当前存储数: 0
2026-07-10 14:13:45.148 [captcha-cleaner] DEBUG c.e.s.s.impl.user.CaptchaServiceImpl - 验证码已清理，当前存储数: 0
2026-07-10 14:13:53.818 [captcha-cleaner] DEBUG c.e.s.s.impl.user.CaptchaServiceImpl - 验证码已清理，当前存储数: 0
2026-07-10 14:13:55.931 [captcha-cleaner] DEBUG c.e.s.s.impl.user.CaptchaServiceImpl - 验证码已清理，当前存储数: 1
2026-07-10 14:14:08.645 [http-nio-8080-exec-4] DEBUG c.e.s.s.impl.user.CaptchaServiceImpl - 验证码已生成: key=33f4accd-9093-4847-9ff2-783a47fe201c, code=ZJJJ
2026-07-10 14:14:18.614 [captcha-cleaner] DEBUG c.e.s.s.impl.user.CaptchaServiceImpl - 验证码已清理，当前存储数: 1
2026-07-10 14:14:31.793 [http-nio-8080-exec-2] DEBUG c.e.s.s.impl.user.CaptchaServiceImpl - 验证码已生成: key=9fb3c3ba-da18-4f65-91bf-288add199f2a, code=DZYE
2026-07-10 14:14:33.820 [http-nio-8080-exec-3] WARN  c.e.s.s.impl.user.UserServiceImpl - 登录失败：验证码错误 userNo=admin
2026-07-10 14:14:33.839 [http-nio-8080-exec-3] WARN  c.e.s.e.GlobalExceptionHandler - 业务异常: code=10001, message=验证码错误或已过期
2026-07-10 14:14:40.745 [captcha-cleaner] DEBUG c.e.s.s.impl.user.CaptchaServiceImpl - 验证码已清理，当前存储数: 0
2026-07-10 14:14:43.162 [captcha-cleaner] DEBUG c.e.s.s.impl.user.CaptchaServiceImpl - 验证码已清理，当前存储数: 0
2026-07-10 14:14:45.151 [captcha-cleaner] DEBUG c.e.s.s.impl.user.CaptchaServiceImpl - 验证码已清理，当前存储数: 0
2026-07-10 14:14:53.808 [captcha-cleaner] DEBUG c.e.s.s.impl.user.CaptchaServiceImpl - 验证码已清理，当前存储数: 0
2026-07-10 14:14:55.927 [captcha-cleaner] DEBUG c.e.s.s.impl.user.CaptchaServiceImpl - 验证码已清理，当前存储数: 0
2026-07-10 14:15:18.612 [captcha-cleaner] DEBUG c.e.s.s.impl.user.CaptchaServiceImpl - 验证码已清理，当前存储数: 1
2026-07-10 14:15:40.742 [captcha-cleaner] DEBUG c.e.s.s.impl.user.CaptchaServiceImpl - 验证码已清理，当前存储数: 0
2026-07-10 14:15:43.157 [captcha-cleaner] DEBUG c.e.s.s.impl.user.CaptchaServiceImpl - 验证码已清理，当前存储数: 0
2026-07-10 14:15:45.147 [captcha-cleaner] DEBUG c.e.s.s.impl.user.CaptchaServiceImpl - 验证码已清理，当前存储数: 0
2026-07-10 14:15:53.811 [captcha-cleaner] DEBUG c.e.s.s.impl.user.CaptchaServiceImpl - 验证码已清理，当前存储数: 0
2026-07-10 14:15:55.941 [captcha-cleaner] DEBUG c.e.s.s.impl.user.CaptchaServiceImpl - 验证码已清理，当前存储数: 0
2026-07-10 14:16:18.621 [captcha-cleaner] DEBUG c.e.s.s.impl.user.CaptchaServiceImpl - 验证码已清理，当前存储数: 1
2026-07-10 14:16:40.746 [captcha-cleaner] DEBUG c.e.s.s.impl.user.CaptchaServiceImpl - 验证码已清理，当前存储数: 0
2026-07-10 14:16:43.164 [captcha-cleaner] DEBUG c.e.s.s.impl.user.CaptchaServiceImpl - 验证码已清理，当前存储数: 0
2026-07-10 14:16:45.141 [captcha-cleaner] DEBUG c.e.s.s.impl.user.CaptchaServiceImpl - 验证码已清理，当前存储数: 0
2026-07-10 14:16:49.564 [http-nio-8080-exec-5] DEBUG c.e.s.s.impl.user.CaptchaServiceImpl - 验证码已生成: key=0142bffe-1682-49fc-b113-9ebe23aa0a0c, code=HZEX
2026-07-10 14:16:53.821 [captcha-cleaner] DEBUG c.e.s.s.impl.user.CaptchaServiceImpl - 验证码已清理，当前存储数: 0
2026-07-10 14:16:55.929 [captcha-cleaner] DEBUG c.e.s.s.impl.user.CaptchaServiceImpl - 验证码已清理，当前存储数: 0
2026-07-10 14:17:02.841 [http-nio-8080-exec-7] WARN  c.e.s.s.impl.user.UserServiceImpl - 登录失败：验证码错误 userNo=admin
2026-07-10 14:17:02.861 [http-nio-8080-exec-7] WARN  c.e.s.e.GlobalExceptionHandler - 业务异常: code=10001, message=验证码错误或已过期
2026-07-10 14:17:18.608 [captcha-cleaner] DEBUG c.e.s.s.impl.user.CaptchaServiceImpl - 验证码已清理，当前存储数: 1
2026-07-10 14:17:28.624 [http-nio-8080-exec-6] DEBUG c.e.s.s.impl.user.UserServiceImpl - 记住密码：已为用户 userId=1 生成 rememberToken
2026-07-10 14:17:28.648 [http-nio-8080-exec-6] INFO  c.e.s.s.impl.user.UserServiceImpl - 登录成功 userNo=admin, userId=1, rememberMe=true
2026-07-10 14:17:33.609 [http-nio-8080-exec-8] WARN  c.e.s.s.impl.user.UserServiceImpl - 登录失败：验证码错误 userNo=admin
2026-07-10 14:17:33.627 [http-nio-8080-exec-8] WARN  c.e.s.e.GlobalExceptionHandler - 业务异常: code=10001, message=验证码错误或已过期
2026-07-10 14:17:36.500 [http-nio-8080-exec-9] WARN  c.e.s.s.impl.user.UserServiceImpl - 登录失败：验证码错误 userNo=admin
2026-07-10 14:17:36.520 [http-nio-8080-exec-9] WARN  c.e.s.e.GlobalExceptionHandler - 业务异常: code=10001, message=验证码错误或已过期
2026-07-10 14:17:40.739 [captcha-cleaner] DEBUG c.e.s.s.impl.user.CaptchaServiceImpl - 验证码已清理，当前存储数: 0
2026-07-10 14:17:43.167 [captcha-cleaner] DEBUG c.e.s.s.impl.user.CaptchaServiceImpl - 验证码已清理，当前存储数: 0
2026-07-10 14:17:45.148 [captcha-cleaner] DEBUG c.e.s.s.impl.user.CaptchaServiceImpl - 验证码已清理，当前存储数: 0
2026-07-10 14:17:53.813 [captcha-cleaner] DEBUG c.e.s.s.impl.user.CaptchaServiceImpl - 验证码已清理，当前存储数: 0
2026-07-10 14:17:55.928 [captcha-cleaner] DEBUG c.e.s.s.impl.user.CaptchaServiceImpl - 验证码已清理，当前存储数: 0
2026-07-10 14:18:18.610 [captcha-cleaner] DEBUG c.e.s.s.impl.user.CaptchaServiceImpl - 验证码已清理，当前存储数: 0
2026-07-10 14:18:40.743 [captcha-cleaner] DEBUG c.e.s.s.impl.user.CaptchaServiceImpl - 验证码已清理，当前存储数: 0
2026-07-10 14:18:43.164 [captcha-cleaner] DEBUG c.e.s.s.impl.user.CaptchaServiceImpl - 验证码已清理，当前存储数: 0
2026-07-10 14:18:45.153 [captcha-cleaner] DEBUG c.e.s.s.impl.user.CaptchaServiceImpl - 验证码已清理，当前存储数: 0
2026-07-10 14:18:53.815 [captcha-cleaner] DEBUG c.e.s.s.impl.user.CaptchaServiceImpl - 验证码已清理，当前存储数: 0
2026-07-10 14:18:55.941 [captcha-cleaner] DEBUG c.e.s.s.impl.user.CaptchaServiceImpl - 验证码已清理，当前存储数: 0
2026-07-10 14:19:18.621 [captcha-cleaner] DEBUG c.e.s.s.impl.user.CaptchaServiceImpl - 验证码已清理，当前存储数: 0
2026-07-10 14:19:40.746 [captcha-cleaner] DEBUG c.e.s.s.impl.user.CaptchaServiceImpl - 验证码已清理，当前存储数: 0
2026-07-10 14:19:43.163 [captcha-cleaner] DEBUG c.e.s.s.impl.user.CaptchaServiceImpl - 验证码已清理，当前存储数: 0
2026-07-10 14:19:45.153 [captcha-cleaner] DEBUG c.e.s.s.impl.user.CaptchaServiceImpl - 验证码已清理，当前存储数: 0
2026-07-10 14:19:53.807 [captcha-cleaner] DEBUG c.e.s.s.impl.user.CaptchaServiceImpl - 验证码已清理，当前存储数: 0
2026-07-10 14:19:55.928 [captcha-cleaner] DEBUG c.e.s.s.impl.user.CaptchaServiceImpl - 验证码已清理，当前存储数: 0
2026-07-10 14:20:00.405 [restartedMain] INFO  c.e.s.StudentArchivesApplication - Starting StudentArchivesApplication using Java 21.0.11 with PID 30764 (E:\StudentArchives\target\classes started by 21117 in E:\StudentArchives)
2026-07-10 14:20:00.405 [restartedMain] DEBUG c.e.s.StudentArchivesApplication - Running with Spring Boot v3.3.0, Spring v6.1.8
2026-07-10 14:20:00.405 [restartedMain] INFO  c.e.s.StudentArchivesApplication - The following 1 profile is active: "dev"
2026-07-10 14:20:00.701 [restartedMain] DEBUG c.e.s.c.s.JwtAuthenticationFilter - Filter 'jwtAuthenticationFilter' configured for use
2026-07-10 14:20:02.025 [restartedMain] INFO  c.e.s.StudentArchivesApplication - Started StudentArchivesApplication in 1.64 seconds (process running for 7643.442)
2026-07-10 14:20:05.589 [restartedMain] INFO  c.e.s.StudentArchivesApplication - Starting StudentArchivesApplication using Java 21.0.11 with PID 30764 (E:\StudentArchives\target\classes started by 21117 in E:\StudentArchives)
2026-07-10 14:20:05.589 [restartedMain] DEBUG c.e.s.StudentArchivesApplication - Running with Spring Boot v3.3.0, Spring v6.1.8
2026-07-10 14:20:05.589 [restartedMain] INFO  c.e.s.StudentArchivesApplication - The following 1 profile is active: "dev"
2026-07-10 14:20:05.838 [restartedMain] DEBUG c.e.s.c.s.JwtAuthenticationFilter - Filter 'jwtAuthenticationFilter' configured for use
2026-07-10 14:20:07.153 [restartedMain] INFO  c.e.s.StudentArchivesApplication - Started StudentArchivesApplication in 1.58 seconds (process running for 7648.569)
2026-07-10 14:20:10.729 [restartedMain] INFO  c.e.s.StudentArchivesApplication - Starting StudentArchivesApplication using Java 21.0.11 with PID 30764 (E:\StudentArchives\target\classes started by 21117 in E:\StudentArchives)
2026-07-10 14:20:10.729 [restartedMain] DEBUG c.e.s.StudentArchivesApplication - Running with Spring Boot v3.3.0, Spring v6.1.8
2026-07-10 14:20:10.729 [restartedMain] INFO  c.e.s.StudentArchivesApplication - The following 1 profile is active: "dev"
2026-07-10 14:20:10.997 [restartedMain] DEBUG c.e.s.c.s.JwtAuthenticationFilter - Filter 'jwtAuthenticationFilter' configured for use
2026-07-10 14:20:13.270 [restartedMain] INFO  c.e.s.StudentArchivesApplication - Started StudentArchivesApplication in 2.566 seconds (process running for 7654.686)
2026-07-10 14:20:17.883 [restartedMain] INFO  c.e.s.StudentArchivesApplication - Starting StudentArchivesApplication using Java 21.0.11 with PID 30764 (E:\StudentArchives\target\classes started by 21117 in E:\StudentArchives)
2026-07-10 14:20:17.883 [restartedMain] DEBUG c.e.s.StudentArchivesApplication - Running with Spring Boot v3.3.0, Spring v6.1.8
2026-07-10 14:20:17.883 [restartedMain] INFO  c.e.s.StudentArchivesApplication - The following 1 profile is active: "dev"
2026-07-10 14:20:18.116 [restartedMain] DEBUG c.e.s.c.s.JwtAuthenticationFilter - Filter 'jwtAuthenticationFilter' configured for use
2026-07-10 14:20:18.608 [captcha-cleaner] DEBUG c.e.s.s.impl.user.CaptchaServiceImpl - 验证码已清理，当前存储数: 0
2026-07-10 14:20:19.344 [restartedMain] INFO  c.e.s.StudentArchivesApplication - Started StudentArchivesApplication in 1.478 seconds (process running for 7660.76)
2026-07-10 14:20:26.009 [restartedMain] INFO  c.e.s.StudentArchivesApplication - Starting StudentArchivesApplication using Java 21.0.11 with PID 30764 (E:\StudentArchives\target\classes started by 21117 in E:\StudentArchives)
2026-07-10 14:20:26.010 [restartedMain] DEBUG c.e.s.StudentArchivesApplication - Running with Spring Boot v3.3.0, Spring v6.1.8
2026-07-10 14:20:26.010 [restartedMain] INFO  c.e.s.StudentArchivesApplication - The following 1 profile is active: "dev"
2026-07-10 14:20:28.628 [restartedMain] INFO  c.e.s.StudentArchivesApplication - Starting StudentArchivesApplication using Java 21.0.11 with PID 30764 (E:\StudentArchives\target\classes started by 21117 in E:\StudentArchives)
2026-07-10 14:20:28.628 [restartedMain] DEBUG c.e.s.StudentArchivesApplication - Running with Spring Boot v3.3.0, Spring v6.1.8
2026-07-10 14:20:28.629 [restartedMain] INFO  c.e.s.StudentArchivesApplication - The following 1 profile is active: "dev"
2026-07-10 14:20:28.969 [restartedMain] DEBUG c.e.s.c.s.JwtAuthenticationFilter - Filter 'jwtAuthenticationFilter' configured for use
2026-07-10 14:20:30.427 [restartedMain] INFO  c.e.s.StudentArchivesApplication - Started StudentArchivesApplication in 1.816 seconds (process running for 7671.843)
2026-07-10 14:20:40.746 [captcha-cleaner] DEBUG c.e.s.s.impl.user.CaptchaServiceImpl - 验证码已清理，当前存储数: 0
2026-07-10 14:20:43.165 [captcha-cleaner] DEBUG c.e.s.s.impl.user.CaptchaServiceImpl - 验证码已清理，当前存储数: 0
2026-07-10 14:20:45.148 [captcha-cleaner] DEBUG c.e.s.s.impl.user.CaptchaServiceImpl - 验证码已清理，当前存储数: 0
2026-07-10 14:20:52.228 [http-nio-8080-exec-1] WARN  c.e.s.s.impl.user.UserServiceImpl - 登录失败：验证码错误 userNo=admin
2026-07-10 14:20:52.247 [http-nio-8080-exec-1] WARN  c.e.s.e.GlobalExceptionHandler - 业务异常: code=10001, message=验证码错误或已过期
2026-07-10 14:20:53.804 [captcha-cleaner] DEBUG c.e.s.s.impl.user.CaptchaServiceImpl - 验证码已清理，当前存储数: 0
2026-07-10 14:20:55.940 [captcha-cleaner] DEBUG c.e.s.s.impl.user.CaptchaServiceImpl - 验证码已清理，当前存储数: 0
2026-07-10 14:21:01.795 [captcha-cleaner] DEBUG c.e.s.s.impl.user.CaptchaServiceImpl - 验证码已清理，当前存储数: 0
2026-07-10 14:21:06.947 [captcha-cleaner] DEBUG c.e.s.s.impl.user.CaptchaServiceImpl - 验证码已清理，当前存储数: 0
2026-07-10 14:21:13.004 [captcha-cleaner] DEBUG c.e.s.s.impl.user.CaptchaServiceImpl - 验证码已清理，当前存储数: 0
2026-07-10 14:21:13.252 [http-nio-8080-exec-2] WARN  c.e.s.s.impl.user.UserServiceImpl - 登录失败：验证码错误 userNo=admin
2026-07-10 14:21:13.270 [http-nio-8080-exec-2] WARN  c.e.s.e.GlobalExceptionHandler - 业务异常: code=10001, message=验证码错误或已过期
2026-07-10 14:21:15.813 [http-nio-8080-exec-3] DEBUG c.e.s.s.impl.user.CaptchaServiceImpl - 验证码已生成: key=9dba81cb-16cf-4526-9907-2cf3184f85f0, code=9EGJ
2026-07-10 14:21:18.616 [captcha-cleaner] DEBUG c.e.s.s.impl.user.CaptchaServiceImpl - 验证码已清理，当前存储数: 0
2026-07-10 14:21:19.143 [captcha-cleaner] DEBUG c.e.s.s.impl.user.CaptchaServiceImpl - 验证码已清理，当前存储数: 0
2026-07-10 14:21:30.230 [captcha-cleaner] DEBUG c.e.s.s.impl.user.CaptchaServiceImpl - 验证码已清理，当前存储数: 1
2026-07-10 14:21:40.337 [http-nio-8080-exec-4] DEBUG c.e.s.s.impl.user.UserServiceImpl - 记住密码：已为用户 userId=1 生成 rememberToken
2026-07-10 14:21:40.359 [http-nio-8080-exec-4] INFO  c.e.s.s.impl.user.UserServiceImpl - 登录成功 userNo=admin, userId=1, rememberMe=true
2026-07-10 14:21:40.747 [captcha-cleaner] DEBUG c.e.s.s.impl.user.CaptchaServiceImpl - 验证码已清理，当前存储数: 0
2026-07-10 14:21:43.163 [captcha-cleaner] DEBUG c.e.s.s.impl.user.CaptchaServiceImpl - 验证码已清理，当前存储数: 0
2026-07-10 14:21:45.146 [captcha-cleaner] DEBUG c.e.s.s.impl.user.CaptchaServiceImpl - 验证码已清理，当前存储数: 0
2026-07-10 14:21:53.810 [captcha-cleaner] DEBUG c.e.s.s.impl.user.CaptchaServiceImpl - 验证码已清理，当前存储数: 0
2026-07-10 14:21:55.931 [captcha-cleaner] DEBUG c.e.s.s.impl.user.CaptchaServiceImpl - 验证码已清理，当前存储数: 0
2026-07-10 14:22:01.794 [captcha-cleaner] DEBUG c.e.s.s.impl.user.CaptchaServiceImpl - 验证码已清理，当前存储数: 0
2026-07-10 14:22:06.938 [captcha-cleaner] DEBUG c.e.s.s.impl.user.CaptchaServiceImpl - 验证码已清理，当前存储数: 0
2026-07-10 14:22:13.005 [captcha-cleaner] DEBUG c.e.s.s.impl.user.CaptchaServiceImpl - 验证码已清理，当前存储数: 0
2026-07-10 14:22:18.618 [captcha-cleaner] DEBUG c.e.s.s.impl.user.CaptchaServiceImpl - 验证码已清理，当前存储数: 0
2026-07-10 14:22:19.151 [captcha-cleaner] DEBUG c.e.s.s.impl.user.CaptchaServiceImpl - 验证码已清理，当前存储数: 0
2026-07-10 14:22:28.466 [http-nio-8080-exec-5] WARN  c.e.s.s.impl.user.UserServiceImpl - 登录失败：验证码错误 userNo=admin
2026-07-10 14:22:28.487 [http-nio-8080-exec-5] WARN  c.e.s.e.GlobalExceptionHandler - 业务异常: code=10001, message=验证码错误或已过期
2026-07-10 14:22:30.227 [captcha-cleaner] DEBUG c.e.s.s.impl.user.CaptchaServiceImpl - 验证码已清理，当前存储数: 0
2026-07-10 14:22:32.417 [http-nio-8080-exec-6] DEBUG c.e.s.s.impl.user.CaptchaServiceImpl - 验证码已生成: key=9b7b623c-ee9b-401f-98f6-d42ff3bca704, code=QCGL
2026-07-10 14:22:40.740 [captcha-cleaner] DEBUG c.e.s.s.impl.user.CaptchaServiceImpl - 验证码已清理，当前存储数: 0
2026-07-10 14:22:43.155 [captcha-cleaner] DEBUG c.e.s.s.impl.user.CaptchaServiceImpl - 验证码已清理，当前存储数: 0
2026-07-10 14:22:45.145 [captcha-cleaner] DEBUG c.e.s.s.impl.user.CaptchaServiceImpl - 验证码已清理，当前存储数: 0
2026-07-10 14:22:53.813 [captcha-cleaner] DEBUG c.e.s.s.impl.user.CaptchaServiceImpl - 验证码已清理，当前存储数: 0
2026-07-10 14:22:55.849 [http-nio-8080-exec-7] INFO  c.e.s.s.impl.user.UserServiceImpl - 登录成功 userNo=admin, userId=1, rememberMe=false
2026-07-10 14:22:55.941 [captcha-cleaner] DEBUG c.e.s.s.impl.user.CaptchaServiceImpl - 验证码已清理，当前存储数: 0
2026-07-10 14:23:01.794 [captcha-cleaner] DEBUG c.e.s.s.impl.user.CaptchaServiceImpl - 验证码已清理，当前存储数: 0
2026-07-10 14:23:06.940 [captcha-cleaner] DEBUG c.e.s.s.impl.user.CaptchaServiceImpl - 验证码已清理，当前存储数: 0
2026-07-10 14:23:07.824 [http-nio-8080-exec-8] DEBUG c.e.s.s.impl.user.CaptchaServiceImpl - 验证码已生成: key=896ba641-c2ed-41c5-84d7-3c73bd6803b8, code=AVYD
2026-07-10 14:23:13.006 [captcha-cleaner] DEBUG c.e.s.s.impl.user.CaptchaServiceImpl - 验证码已清理，当前存储数: 0
2026-07-10 14:23:18.610 [captcha-cleaner] DEBUG c.e.s.s.impl.user.CaptchaServiceImpl - 验证码已清理，当前存储数: 0
2026-07-10 14:23:19.154 [captcha-cleaner] DEBUG c.e.s.s.impl.user.CaptchaServiceImpl - 验证码已清理，当前存储数: 0
2026-07-10 14:23:27.573 [http-nio-8080-exec-9] INFO  c.e.s.s.impl.user.UserServiceImpl - 登录成功 userNo=admin, userId=1, rememberMe=false
2026-07-10 14:23:30.234 [captcha-cleaner] DEBUG c.e.s.s.impl.user.CaptchaServiceImpl - 验证码已清理，当前存储数: 0
2026-07-10 14:23:34.393 [http-nio-8080-exec-10] DEBUG c.e.s.s.impl.user.CaptchaServiceImpl - 验证码已生成: key=91a7e707-2b94-43cb-b505-c086ced9dc03, code=YRTQ
2026-07-10 14:23:40.750 [captcha-cleaner] DEBUG c.e.s.s.impl.user.CaptchaServiceImpl - 验证码已清理，当前存储数: 0
2026-07-10 14:23:43.166 [captcha-cleaner] DEBUG c.e.s.s.impl.user.CaptchaServiceImpl - 验证码已清理，当前存储数: 0
2026-07-10 14:23:45.151 [captcha-cleaner] DEBUG c.e.s.s.impl.user.CaptchaServiceImpl - 验证码已清理，当前存储数: 0
2026-07-10 14:23:53.804 [captcha-cleaner] DEBUG c.e.s.s.impl.user.CaptchaServiceImpl - 验证码已清理，当前存储数: 0
2026-07-10 14:23:55.931 [captcha-cleaner] DEBUG c.e.s.s.impl.user.CaptchaServiceImpl - 验证码已清理，当前存储数: 0
2026-07-10 14:24:01.784 [captcha-cleaner] DEBUG c.e.s.s.impl.user.CaptchaServiceImpl - 验证码已清理，当前存储数: 0
2026-07-10 14:24:06.935 [captcha-cleaner] DEBUG c.e.s.s.impl.user.CaptchaServiceImpl - 验证码已清理，当前存储数: 0
2026-07-10 14:24:11.444 [http-nio-8080-exec-1] DEBUG c.e.s.s.impl.user.UserServiceImpl - 记住密码：已为用户 userId=1 生成 rememberToken
2026-07-10 14:24:11.465 [http-nio-8080-exec-1] INFO  c.e.s.s.impl.user.UserServiceImpl - 登录成功 userNo=admin, userId=1, rememberMe=true
2026-07-10 14:24:13.010 [captcha-cleaner] DEBUG c.e.s.s.impl.user.CaptchaServiceImpl - 验证码已清理，当前存储数: 0
2026-07-10 14:24:18.615 [captcha-cleaner] DEBUG c.e.s.s.impl.user.CaptchaServiceImpl - 验证码已清理，当前存储数: 0
2026-07-10 14:24:19.146 [captcha-cleaner] DEBUG c.e.s.s.impl.user.CaptchaServiceImpl - 验证码已清理，当前存储数: 0
2026-07-10 14:24:30.230 [captcha-cleaner] DEBUG c.e.s.s.impl.user.CaptchaServiceImpl - 验证码已清理，当前存储数: 0
2026-07-10 14:24:40.744 [captcha-cleaner] DEBUG c.e.s.s.impl.user.CaptchaServiceImpl - 验证码已清理，当前存储数: 0
2026-07-10 14:24:43.162 [captcha-cleaner] DEBUG c.e.s.s.impl.user.CaptchaServiceImpl - 验证码已清理，当前存储数: 0
2026-07-10 14:24:45.146 [captcha-cleaner] DEBUG c.e.s.s.impl.user.CaptchaServiceImpl - 验证码已清理，当前存储数: 0
2026-07-10 14:24:53.805 [captcha-cleaner] DEBUG c.e.s.s.impl.user.CaptchaServiceImpl - 验证码已清理，当前存储数: 0
2026-07-10 14:24:55.941 [captcha-cleaner] DEBUG c.e.s.s.impl.user.CaptchaServiceImpl - 验证码已清理，当前存储数: 0
2026-07-10 14:25:01.785 [captcha-cleaner] DEBUG c.e.s.s.impl.user.CaptchaServiceImpl - 验证码已清理，当前存储数: 0
2026-07-10 14:25:06.933 [captcha-cleaner] DEBUG c.e.s.s.impl.user.CaptchaServiceImpl - 验证码已清理，当前存储数: 0
2026-07-10 14:25:13.006 [captcha-cleaner] DEBUG c.e.s.s.impl.user.CaptchaServiceImpl - 验证码已清理，当前存储数: 0
2026-07-10 14:25:18.614 [captcha-cleaner] DEBUG c.e.s.s.impl.user.CaptchaServiceImpl - 验证码已清理，当前存储数: 0
2026-07-10 14:25:19.142 [captcha-cleaner] DEBUG c.e.s.s.impl.user.CaptchaServiceImpl - 验证码已清理，当前存储数: 0
2026-07-10 14:25:30.231 [captcha-cleaner] DEBUG c.e.s.s.impl.user.CaptchaServiceImpl - 验证码已清理，当前存储数: 0
2026-07-10 14:25:40.742 [captcha-cleaner] DEBUG c.e.s.s.impl.user.CaptchaServiceImpl - 验证码已清理，当前存储数: 0
2026-07-10 14:25:43.158 [captcha-cleaner] DEBUG c.e.s.s.impl.user.CaptchaServiceImpl - 验证码已清理，当前存储数: 0
2026-07-10 14:25:45.147 [captcha-cleaner] DEBUG c.e.s.s.impl.user.CaptchaServiceImpl - 验证码已清理，当前存储数: 0
2026-07-10 14:25:53.806 [captcha-cleaner] DEBUG c.e.s.s.impl.user.CaptchaServiceImpl - 验证码已清理，当前存储数: 0
2026-07-10 14:25:55.933 [captcha-cleaner] DEBUG c.e.s.s.impl.user.CaptchaServiceImpl - 验证码已清理，当前存储数: 0
2026-07-10 14:26:01.786 [captcha-cleaner] DEBUG c.e.s.s.impl.user.CaptchaServiceImpl - 验证码已清理，当前存储数: 0
2026-07-10 14:26:06.937 [captcha-cleaner] DEBUG c.e.s.s.impl.user.CaptchaServiceImpl - 验证码已清理，当前存储数: 0
2026-07-10 14:26:13.011 [captcha-cleaner] DEBUG c.e.s.s.impl.user.CaptchaServiceImpl - 验证码已清理，当前存储数: 0
2026-07-10 14:26:18.607 [captcha-cleaner] DEBUG c.e.s.s.impl.user.CaptchaServiceImpl - 验证码已清理，当前存储数: 0
2026-07-10 14:26:19.152 [captcha-cleaner] DEBUG c.e.s.s.impl.user.CaptchaServiceImpl - 验证码已清理，当前存储数: 0
2026-07-10 14:26:30.238 [captcha-cleaner] DEBUG c.e.s.s.impl.user.CaptchaServiceImpl - 验证码已清理，当前存储数: 0
2026-07-10 14:26:40.746 [captcha-cleaner] DEBUG c.e.s.s.impl.user.CaptchaServiceImpl - 验证码已清理，当前存储数: 0
2026-07-10 14:26:43.163 [captcha-cleaner] DEBUG c.e.s.s.impl.user.CaptchaServiceImpl - 验证码已清理，当前存储数: 0
2026-07-10 14:26:45.147 [captcha-cleaner] DEBUG c.e.s.s.impl.user.CaptchaServiceImpl - 验证码已清理，当前存储数: 0
2026-07-10 14:26:53.804 [captcha-cleaner] DEBUG c.e.s.s.impl.user.CaptchaServiceImpl - 验证码已清理，当前存储数: 0
2026-07-10 14:26:55.929 [captcha-cleaner] DEBUG c.e.s.s.impl.user.CaptchaServiceImpl - 验证码已清理，当前存储数: 0
2026-07-10 14:27:01.797 [captcha-cleaner] DEBUG c.e.s.s.impl.user.CaptchaServiceImpl - 验证码已清理，当前存储数: 0
2026-07-10 14:27:06.939 [captcha-cleaner] DEBUG c.e.s.s.impl.user.CaptchaServiceImpl - 验证码已清理，当前存储数: 0
2026-07-10 14:27:13.004 [captcha-cleaner] DEBUG c.e.s.s.impl.user.CaptchaServiceImpl - 验证码已清理，当前存储数: 0
2026-07-10 14:27:18.612 [captcha-cleaner] DEBUG c.e.s.s.impl.user.CaptchaServiceImpl - 验证码已清理，当前存储数: 0
2026-07-10 14:27:19.156 [captcha-cleaner] DEBUG c.e.s.s.impl.user.CaptchaServiceImpl - 验证码已清理，当前存储数: 0
2026-07-10 14:27:30.233 [captcha-cleaner] DEBUG c.e.s.s.impl.user.CaptchaServiceImpl - 验证码已清理，当前存储数: 0
2026-07-10 14:27:40.744 [captcha-cleaner] DEBUG c.e.s.s.impl.user.CaptchaServiceImpl - 验证码已清理，当前存储数: 0
2026-07-10 14:27:43.159 [captcha-cleaner] DEBUG c.e.s.s.impl.user.CaptchaServiceImpl - 验证码已清理，当前存储数: 0
2026-07-10 14:27:45.152 [captcha-cleaner] DEBUG c.e.s.s.impl.user.CaptchaServiceImpl - 验证码已清理，当前存储数: 0
2026-07-10 14:27:53.804 [captcha-cleaner] DEBUG c.e.s.s.impl.user.CaptchaServiceImpl - 验证码已清理，当前存储数: 0
2026-07-10 14:27:55.942 [captcha-cleaner] DEBUG c.e.s.s.impl.user.CaptchaServiceImpl - 验证码已清理，当前存储数: 0
2026-07-10 14:28:01.794 [captcha-cleaner] DEBUG c.e.s.s.impl.user.CaptchaServiceImpl - 验证码已清理，当前存储数: 0
2026-07-10 14:28:06.945 [captcha-cleaner] DEBUG c.e.s.s.impl.user.CaptchaServiceImpl - 验证码已清理，当前存储数: 0
2026-07-10 14:28:13.018 [captcha-cleaner] DEBUG c.e.s.s.impl.user.CaptchaServiceImpl - 验证码已清理，当前存储数: 0
2026-07-10 14:28:18.612 [captcha-cleaner] DEBUG c.e.s.s.impl.user.CaptchaServiceImpl - 验证码已清理，当前存储数: 0
2026-07-10 14:28:19.156 [captcha-cleaner] DEBUG c.e.s.s.impl.user.CaptchaServiceImpl - 验证码已清理，当前存储数: 0
2026-07-10 14:28:30.232 [captcha-cleaner] DEBUG c.e.s.s.impl.user.CaptchaServiceImpl - 验证码已清理，当前存储数: 0
2026-07-10 14:28:40.746 [captcha-cleaner] DEBUG c.e.s.s.impl.user.CaptchaServiceImpl - 验证码已清理，当前存储数: 0
2026-07-10 14:28:43.160 [captcha-cleaner] DEBUG c.e.s.s.impl.user.CaptchaServiceImpl - 验证码已清理，当前存储数: 0
2026-07-10 14:28:45.155 [captcha-cleaner] DEBUG c.e.s.s.impl.user.CaptchaServiceImpl - 验证码已清理，当前存储数: 0
2026-07-10 14:28:53.809 [captcha-cleaner] DEBUG c.e.s.s.impl.user.CaptchaServiceImpl - 验证码已清理，当前存储数: 0
2026-07-10 14:28:55.928 [captcha-cleaner] DEBUG c.e.s.s.impl.user.CaptchaServiceImpl - 验证码已清理，当前存储数: 0
2026-07-10 14:29:01.786 [captcha-cleaner] DEBUG c.e.s.s.impl.user.CaptchaServiceImpl - 验证码已清理，当前存储数: 0
2026-07-10 14:29:06.933 [captcha-cleaner] DEBUG c.e.s.s.impl.user.CaptchaServiceImpl - 验证码已清理，当前存储数: 0
2026-07-10 14:29:13.007 [captcha-cleaner] DEBUG c.e.s.s.impl.user.CaptchaServiceImpl - 验证码已清理，当前存储数: 0
2026-07-10 14:34:20.905 [restartedMain] INFO  c.e.s.StudentArchivesApplication - Starting StudentArchivesApplication using Java 21.0.11 with PID 19032 (E:\StudentArchives\target\classes started by 21117 in E:\StudentArchives)
2026-07-10 14:34:20.906 [restartedMain] DEBUG c.e.s.StudentArchivesApplication - Running with Spring Boot v3.3.0, Spring v6.1.8
2026-07-10 14:34:20.907 [restartedMain] INFO  c.e.s.StudentArchivesApplication - The following 1 profile is active: "dev"
2026-07-10 14:34:21.929 [restartedMain] DEBUG c.e.s.c.s.JwtAuthenticationFilter - Filter 'jwtAuthenticationFilter' configured for use
2026-07-10 14:34:24.900 [restartedMain] INFO  c.e.s.StudentArchivesApplication - Started StudentArchivesApplication in 4.303 seconds (process running for 4.685)
2026-07-10 14:35:24.468 [captcha-cleaner] DEBUG c.e.s.s.impl.user.CaptchaServiceImpl - 验证码已清理，当前存储数: 0
2026-07-10 14:36:24.469 [captcha-cleaner] DEBUG c.e.s.s.impl.user.CaptchaServiceImpl - 验证码已清理，当前存储数: 0
2026-07-10 14:37:00.171 [restartedMain] INFO  c.e.s.StudentArchivesApplication - Starting StudentArchivesApplication using Java 21.0.11 with PID 19032 (E:\StudentArchives\target\classes started by 21117 in E:\StudentArchives)
2026-07-10 14:37:00.171 [restartedMain] DEBUG c.e.s.StudentArchivesApplication - Running with Spring Boot v3.3.0, Spring v6.1.8
2026-07-10 14:37:00.171 [restartedMain] INFO  c.e.s.StudentArchivesApplication - The following 1 profile is active: "dev"
2026-07-10 14:37:00.501 [restartedMain] DEBUG c.e.s.c.s.JwtAuthenticationFilter - Filter 'jwtAuthenticationFilter' configured for use
2026-07-10 14:37:01.882 [restartedMain] INFO  c.e.s.StudentArchivesApplication - Started StudentArchivesApplication in 1.742 seconds (process running for 161.667)
2026-07-10 14:37:06.475 [restartedMain] INFO  c.e.s.StudentArchivesApplication - Starting StudentArchivesApplication using Java 21.0.11 with PID 19032 (E:\StudentArchives\target\classes started by 21117 in E:\StudentArchives)
2026-07-10 14:37:06.475 [restartedMain] DEBUG c.e.s.StudentArchivesApplication - Running with Spring Boot v3.3.0, Spring v6.1.8
2026-07-10 14:37:06.475 [restartedMain] INFO  c.e.s.StudentArchivesApplication - The following 1 profile is active: "dev"
2026-07-10 14:37:06.709 [restartedMain] DEBUG c.e.s.c.s.JwtAuthenticationFilter - Filter 'jwtAuthenticationFilter' configured for use
2026-07-10 14:37:07.952 [restartedMain] INFO  c.e.s.StudentArchivesApplication - Started StudentArchivesApplication in 1.499 seconds (process running for 167.737)
2026-07-10 14:37:11.887 [restartedMain] INFO  c.e.s.StudentArchivesApplication - Starting StudentArchivesApplication using Java 21.0.11 with PID 19032 (E:\StudentArchives\target\classes started by 21117 in E:\StudentArchives)
2026-07-10 14:37:11.888 [restartedMain] DEBUG c.e.s.StudentArchivesApplication - Running with Spring Boot v3.3.0, Spring v6.1.8
2026-07-10 14:37:11.888 [restartedMain] INFO  c.e.s.StudentArchivesApplication - The following 1 profile is active: "dev"
2026-07-10 14:37:12.627 [restartedMain] INFO  c.e.s.StudentArchivesApplication - Started StudentArchivesApplication in 0.764 seconds (process running for 172.412)
2026-07-10 14:37:15.155 [restartedMain] INFO  c.e.s.StudentArchivesApplication - Starting StudentArchivesApplication using Java 21.0.11 with PID 19032 (E:\StudentArchives\target\classes started by 21117 in E:\StudentArchives)
2026-07-10 14:37:15.155 [restartedMain] DEBUG c.e.s.StudentArchivesApplication - Running with Spring Boot v3.3.0, Spring v6.1.8
2026-07-10 14:37:15.155 [restartedMain] INFO  c.e.s.StudentArchivesApplication - The following 1 profile is active: "dev"
2026-07-10 14:37:15.726 [restartedMain] DEBUG c.e.s.c.s.JwtAuthenticationFilter - Filter 'jwtAuthenticationFilter' configured for use
2026-07-10 14:37:17.034 [restartedMain] INFO  c.e.s.StudentArchivesApplication - Started StudentArchivesApplication in 1.898 seconds (process running for 176.82)
2026-07-10 14:37:24.466 [captcha-cleaner] DEBUG c.e.s.s.impl.user.CaptchaServiceImpl - 验证码已清理，当前存储数: 0
2026-07-10 14:38:01.672 [captcha-cleaner] DEBUG c.e.s.s.impl.user.CaptchaServiceImpl - 验证码已清理，当前存储数: 0
2026-07-10 14:38:03.266 [http-nio-8080-exec-4] WARN  c.e.s.c.s.JwtAuthenticationFilter - JWT认证失败: JWT signature does not match locally computed signature. JWT validity cannot be asserted and should not be trusted.
2026-07-10 14:38:07.786 [captcha-cleaner] DEBUG c.e.s.s.impl.user.CaptchaServiceImpl - 验证码已清理，当前存储数: 0
2026-07-10 14:38:16.841 [captcha-cleaner] DEBUG c.e.s.s.impl.user.CaptchaServiceImpl - 验证码已清理，当前存储数: 0
2026-07-10 14:38:24.472 [captcha-cleaner] DEBUG c.e.s.s.impl.user.CaptchaServiceImpl - 验证码已清理，当前存储数: 0
2026-07-10 14:39:01.669 [captcha-cleaner] DEBUG c.e.s.s.impl.user.CaptchaServiceImpl - 验证码已清理，当前存储数: 0
2026-07-10 14:39:07.789 [captcha-cleaner] DEBUG c.e.s.s.impl.user.CaptchaServiceImpl - 验证码已清理，当前存储数: 0
2026-07-10 14:39:16.841 [captcha-cleaner] DEBUG c.e.s.s.impl.user.CaptchaServiceImpl - 验证码已清理，当前存储数: 0
2026-07-10 14:39:24.463 [captcha-cleaner] DEBUG c.e.s.s.impl.user.CaptchaServiceImpl - 验证码已清理，当前存储数: 0
2026-07-10 14:39:45.678 [restartedMain] INFO  c.e.s.StudentArchivesApplication - Starting StudentArchivesApplication using Java 21.0.11 with PID 19032 (E:\StudentArchives\target\classes started by 21117 in E:\StudentArchives)
2026-07-10 14:39:45.678 [restartedMain] DEBUG c.e.s.StudentArchivesApplication - Running with Spring Boot v3.3.0, Spring v6.1.8
2026-07-10 14:39:45.678 [restartedMain] INFO  c.e.s.StudentArchivesApplication - The following 1 profile is active: "dev"
2026-07-10 14:39:45.975 [restartedMain] DEBUG c.e.s.c.s.JwtAuthenticationFilter - Filter 'jwtAuthenticationFilter' configured for use
2026-07-10 14:39:47.246 [restartedMain] INFO  c.e.s.StudentArchivesApplication - Started StudentArchivesApplication in 1.593 seconds (process running for 327.032)
2026-07-10 14:41:47.048 [captcha-cleaner] DEBUG c.e.s.s.impl.user.CaptchaServiceImpl - 验证码已清理，当前存储数: 0
2026-07-10 14:42:01.672 [captcha-cleaner] DEBUG c.e.s.s.impl.user.CaptchaServiceImpl - 验证码已清理，当前存储数: 0
2026-07-10 14:42:07.787 [captcha-cleaner] DEBUG c.e.s.s.impl.user.CaptchaServiceImpl - 验证码已清理，当前存储数: 0
2026-07-10 14:42:16.845 [captcha-cleaner] DEBUG c.e.s.s.impl.user.CaptchaServiceImpl - 验证码已清理，当前存储数: 0
2026-07-10 14:42:24.469 [captcha-cleaner] DEBUG c.e.s.s.impl.user.CaptchaServiceImpl - 验证码已清理，当前存储数: 0
2026-07-10 14:42:47.052 [captcha-cleaner] DEBUG c.e.s.s.impl.user.CaptchaServiceImpl - 验证码已清理，当前存储数: 0
2026-07-10 14:43:01.660 [captcha-cleaner] DEBUG c.e.s.s.impl.user.CaptchaServiceImpl - 验证码已清理，当前存储数: 0
2026-07-10 14:43:07.787 [captcha-cleaner] DEBUG c.e.s.s.impl.user.CaptchaServiceImpl - 验证码已清理，当前存储数: 0
2026-07-10 14:43:16.831 [captcha-cleaner] DEBUG c.e.s.s.impl.user.CaptchaServiceImpl - 验证码已清理，当前存储数: 0
2026-07-10 14:43:24.467 [captcha-cleaner] DEBUG c.e.s.s.impl.user.CaptchaServiceImpl - 验证码已清理，当前存储数: 0
2026-07-10 14:43:47.054 [captcha-cleaner] DEBUG c.e.s.s.impl.user.CaptchaServiceImpl - 验证码已清理，当前存储数: 0
2026-07-10 14:43:47.543 [restartedMain] INFO  c.e.s.StudentArchivesApplication - Starting StudentArchivesApplication using Java 21.0.11 with PID 19032 (E:\StudentArchives\target\classes started by 21117 in E:\StudentArchives)
2026-07-10 14:43:47.543 [restartedMain] DEBUG c.e.s.StudentArchivesApplication - Running with Spring Boot v3.3.0, Spring v6.1.8
2026-07-10 14:43:47.543 [restartedMain] INFO  c.e.s.StudentArchivesApplication - The following 1 profile is active: "dev"
2026-07-10 14:43:47.799 [restartedMain] DEBUG c.e.s.c.s.JwtAuthenticationFilter - Filter 'jwtAuthenticationFilter' configured for use
2026-07-10 14:43:49.535 [restartedMain] INFO  c.e.s.StudentArchivesApplication - Started StudentArchivesApplication in 2.024 seconds (process running for 569.32)
2026-07-10 14:43:54.144 [restartedMain] INFO  c.e.s.StudentArchivesApplication - Starting StudentArchivesApplication using Java 21.0.11 with PID 19032 (E:\StudentArchives\target\classes started by 21117 in E:\StudentArchives)
2026-07-10 14:43:54.144 [restartedMain] DEBUG c.e.s.StudentArchivesApplication - Running with Spring Boot v3.3.0, Spring v6.1.8
2026-07-10 14:43:54.144 [restartedMain] INFO  c.e.s.StudentArchivesApplication - The following 1 profile is active: "dev"
2026-07-10 14:43:54.382 [restartedMain] DEBUG c.e.s.c.s.JwtAuthenticationFilter - Filter 'jwtAuthenticationFilter' configured for use
2026-07-10 14:43:55.792 [restartedMain] INFO  c.e.s.StudentArchivesApplication - Started StudentArchivesApplication in 1.668 seconds (process running for 575.578)
2026-07-10 14:43:59.360 [restartedMain] INFO  c.e.s.StudentArchivesApplication - Starting StudentArchivesApplication using Java 21.0.11 with PID 19032 (E:\StudentArchives\target\classes started by 21117 in E:\StudentArchives)
2026-07-10 14:43:59.360 [restartedMain] DEBUG c.e.s.StudentArchivesApplication - Running with Spring Boot v3.3.0, Spring v6.1.8
2026-07-10 14:43:59.360 [restartedMain] INFO  c.e.s.StudentArchivesApplication - The following 1 profile is active: "dev"
2026-07-10 14:43:59.615 [restartedMain] DEBUG c.e.s.c.s.JwtAuthenticationFilter - Filter 'jwtAuthenticationFilter' configured for use
2026-07-10 14:44:01.074 [restartedMain] INFO  c.e.s.StudentArchivesApplication - Started StudentArchivesApplication in 1.742 seconds (process running for 580.859)
2026-07-10 14:44:01.671 [captcha-cleaner] DEBUG c.e.s.s.impl.user.CaptchaServiceImpl - 验证码已清理，当前存储数: 0
2026-07-10 14:44:07.789 [captcha-cleaner] DEBUG c.e.s.s.impl.user.CaptchaServiceImpl - 验证码已清理，当前存储数: 0
2026-07-10 14:44:16.830 [captcha-cleaner] DEBUG c.e.s.s.impl.user.CaptchaServiceImpl - 验证码已清理，当前存储数: 0
2026-07-10 14:44:24.473 [captcha-cleaner] DEBUG c.e.s.s.impl.user.CaptchaServiceImpl - 验证码已清理，当前存储数: 0
2026-07-10 14:44:47.052 [captcha-cleaner] DEBUG c.e.s.s.impl.user.CaptchaServiceImpl - 验证码已清理，当前存储数: 0
2026-07-10 14:44:49.324 [captcha-cleaner] DEBUG c.e.s.s.impl.user.CaptchaServiceImpl - 验证码已清理，当前存储数: 0
2026-07-10 14:44:52.967 [restartedMain] INFO  c.e.s.StudentArchivesApplication - Starting StudentArchivesApplication using Java 21.0.11 with PID 19032 (E:\StudentArchives\target\classes started by 21117 in E:\StudentArchives)
2026-07-10 14:44:52.967 [restartedMain] DEBUG c.e.s.StudentArchivesApplication - Running with Spring Boot v3.3.0, Spring v6.1.8
2026-07-10 14:44:52.967 [restartedMain] INFO  c.e.s.StudentArchivesApplication - The following 1 profile is active: "dev"
2026-07-10 14:44:53.199 [restartedMain] DEBUG c.e.s.c.s.JwtAuthenticationFilter - Filter 'jwtAuthenticationFilter' configured for use
2026-07-10 14:44:54.440 [restartedMain] INFO  c.e.s.StudentArchivesApplication - Started StudentArchivesApplication in 1.492 seconds (process running for 634.225)
2026-07-10 14:44:55.587 [captcha-cleaner] DEBUG c.e.s.s.impl.user.CaptchaServiceImpl - 验证码已清理，当前存储数: 0
2026-07-10 14:45:00.861 [captcha-cleaner] DEBUG c.e.s.s.impl.user.CaptchaServiceImpl - 验证码已清理，当前存储数: 0
2026-07-10 14:45:01.669 [captcha-cleaner] DEBUG c.e.s.s.impl.user.CaptchaServiceImpl - 验证码已清理，当前存储数: 0
2026-07-10 14:45:07.789 [captcha-cleaner] DEBUG c.e.s.s.impl.user.CaptchaServiceImpl - 验证码已清理，当前存储数: 0
2026-07-10 14:45:16.837 [captcha-cleaner] DEBUG c.e.s.s.impl.user.CaptchaServiceImpl - 验证码已清理，当前存储数: 0
2026-07-10 14:45:24.464 [captcha-cleaner] DEBUG c.e.s.s.impl.user.CaptchaServiceImpl - 验证码已清理，当前存储数: 0
2026-07-10 14:45:47.044 [captcha-cleaner] DEBUG c.e.s.s.impl.user.CaptchaServiceImpl - 验证码已清理，当前存储数: 0
2026-07-10 14:45:49.335 [captcha-cleaner] DEBUG c.e.s.s.impl.user.CaptchaServiceImpl - 验证码已清理，当前存储数: 0
2026-07-10 14:45:54.247 [captcha-cleaner] DEBUG c.e.s.s.impl.user.CaptchaServiceImpl - 验证码已清理，当前存储数: 0
2026-07-10 14:45:55.575 [captcha-cleaner] DEBUG c.e.s.s.impl.user.CaptchaServiceImpl - 验证码已清理，当前存储数: 0
2026-07-10 14:46:00.865 [captcha-cleaner] DEBUG c.e.s.s.impl.user.CaptchaServiceImpl - 验证码已清理，当前存储数: 0
2026-07-10 14:46:01.661 [captcha-cleaner] DEBUG c.e.s.s.impl.user.CaptchaServiceImpl - 验证码已清理，当前存储数: 0
2026-07-10 14:46:07.789 [captcha-cleaner] DEBUG c.e.s.s.impl.user.CaptchaServiceImpl - 验证码已清理，当前存储数: 0
2026-07-10 14:46:16.843 [captcha-cleaner] DEBUG c.e.s.s.impl.user.CaptchaServiceImpl - 验证码已清理，当前存储数: 0
2026-07-10 14:46:47.050 [captcha-cleaner] DEBUG c.e.s.s.impl.user.CaptchaServiceImpl - 验证码已清理，当前存储数: 0
2026-07-10 14:46:49.323 [captcha-cleaner] DEBUG c.e.s.s.impl.user.CaptchaServiceImpl - 验证码已清理，当前存储数: 0
2026-07-10 14:46:54.244 [captcha-cleaner] DEBUG c.e.s.s.impl.user.CaptchaServiceImpl - 验证码已清理，当前存储数: 0
2026-07-10 14:46:55.576 [captcha-cleaner] DEBUG c.e.s.s.impl.user.CaptchaServiceImpl - 验证码已清理，当前存储数: 0
2026-07-10 14:47:00.865 [captcha-cleaner] DEBUG c.e.s.s.impl.user.CaptchaServiceImpl - 验证码已清理，当前存储数: 0
2026-07-10 14:47:01.660 [captcha-cleaner] DEBUG c.e.s.s.impl.user.CaptchaServiceImpl - 验证码已清理，当前存储数: 0
2026-07-10 14:47:07.777 [captcha-cleaner] DEBUG c.e.s.s.impl.user.CaptchaServiceImpl - 验证码已清理，当前存储数: 0
2026-07-10 14:47:16.844 [captcha-cleaner] DEBUG c.e.s.s.impl.user.CaptchaServiceImpl - 验证码已清理，当前存储数: 0
2026-07-10 14:47:24.462 [captcha-cleaner] DEBUG c.e.s.s.impl.user.CaptchaServiceImpl - 验证码已清理，当前存储数: 0
